<?xml version="1.0" encoding="UTF-8"?>
<!-- Generated by org.testng.reporters.JUnitXMLReporter -->
<testsuite ignored="0" hostname="LAPTOP-VTUTN60H" failures="12" tests="37" name="Surefire test" time="59.897" errors="0" timestamp="2024-10-01T01:10:57 IST">
  <testcase classname="com.iris22a.ProductTest" name="m10" time="0.023"/>
  <testcase classname="com.iris22a.ProductTest" name="m11" time="0.002"/>
  <testcase classname="com.iris22a.ProductTest" name="m12" time="0.001"/>
  <testcase classname="com.iris22a.ProductTest" name="m3" time="0.002"/>
  <testcase classname="com.iris22a.ProductTest" name="m4" time="0.001"/>
  <testcase classname="com.iris22a.ProductTest" name="m5" time="0.002"/>
  <testcase classname="com.iris22a.ProductTest" name="m6" time="0.002"/>
  <testcase classname="com.iris22a.ProductTest" name="m7" time="0.002"/>
  <testcase classname="com.iris22a.ProductTest" name="m8" time="0.002"/>
  <testcase classname="com.iris22a.ProductTest" name="m9" time="0.001"/>
  <testcase classname="com.iris22a.ProductTest" name="verifyCategoryListForTopWears" time="4.326"/>
  <testcase classname="com.iris22a.ProductTest" name="verifyItemCountOfCasualShirts" time="2.915">
    <failure type="org.openqa.selenium.ElementNotInteractableException" message="element not interactable
  (Session info: chrome=129.0.6668.70)
Build info: version: &amp;apos;4.23.1&amp;apos;, revision: &amp;apos;656257d8e9&amp;apos;
System info: os.name: &amp;apos;Windows 11&amp;apos;, os.arch: &amp;apos;amd64&amp;apos;, os.version: &amp;apos;10.0&amp;apos;, java.version: &amp;apos;22.0.2&amp;apos;
Driver info: org.openqa.selenium.chrome.ChromeDriver
Command: [188a275cc0e7d37df7e869dadcb27c0c, clickElement {id=f.19A719DCDD1F2EA0A69EE9EA969F6678.d.51966B940D8930CED4B4EF362D323907.e.47}]
Capabilities {acceptInsecureCerts: false, browserName: chrome, browserVersion: 129.0.6668.70, chrome: {chromedriverVersion: 129.0.6668.70 (df87d5cf12b1..., userDataDir: C:\Users\poonam\AppData\Loc...}, fedcm:accounts: true, goog:chromeOptions: {debuggerAddress: localhost:52818}, networkConnectionEnabled: false, pageLoadStrategy: normal, platformName: windows, proxy: Proxy(), se:cdp: ws://localhost:52818/devtoo..., se:cdpVersion: 129.0.6668.70, setWindowRect: true, strictFileInteractability: false, timeouts: {implicit: 0, pageLoad: 300000, script: 30000}, unhandledPromptBehavior: dismiss and notify, webauthn:extension:credBlob: true, webauthn:extension:largeBlob: true, webauthn:extension:minPinLength: true, webauthn:extension:prf: true, webauthn:virtualAuthenticators: true}
Element: [[ChromeDriver: chrome on windows (188a275cc0e7d37df7e869dadcb27c0c)] -&amp;gt; xpath: (//li[@class=&amp;quot;desktop-oddColumnContent&amp;quot;])[1]/descendant::a[contains(text(),&amp;quot;Casual&amp;quot;)]]
Session ID: 188a275cc0e7d37df7e869dadcb27c0c">
      <![CDATA[org.openqa.selenium.ElementNotInteractableException: element not interactable
  (Session info: chrome=129.0.6668.70)
Build info: version: '4.23.1', revision: '656257d8e9'
System info: os.name: 'Windows 11', os.arch: 'amd64', os.version: '10.0', java.version: '22.0.2'
Driver info: org.openqa.selenium.chrome.ChromeDriver
Command: [188a275cc0e7d37df7e869dadcb27c0c, clickElement {id=f.19A719DCDD1F2EA0A69EE9EA969F6678.d.51966B940D8930CED4B4EF362D323907.e.47}]
Capabilities {acceptInsecureCerts: false, browserName: chrome, browserVersion: 129.0.6668.70, chrome: {chromedriverVersion: 129.0.6668.70 (df87d5cf12b1..., userDataDir: C:\Users\poonam\AppData\Loc...}, fedcm:accounts: true, goog:chromeOptions: {debuggerAddress: localhost:52818}, networkConnectionEnabled: false, pageLoadStrategy: normal, platformName: windows, proxy: Proxy(), se:cdp: ws://localhost:52818/devtoo..., se:cdpVersion: 129.0.6668.70, setWindowRect: true, strictFileInteractability: false, timeouts: {implicit: 0, pageLoad: 300000, script: 30000}, unhandledPromptBehavior: dismiss and notify, webauthn:extension:credBlob: true, webauthn:extension:largeBlob: true, webauthn:extension:minPinLength: true, webauthn:extension:prf: true, webauthn:virtualAuthenticators: true}
Element: [[ChromeDriver: chrome on windows (188a275cc0e7d37df7e869dadcb27c0c)] -> xpath: (//li[@class="desktop-oddColumnContent"])[1]/descendant::a[contains(text(),"Casual")]]
Session ID: 188a275cc0e7d37df7e869dadcb27c0c
at org.openqa.selenium.remote.ErrorCodec.decode(ErrorCodec.java:167)
at org.openqa.selenium.remote.codec.w3c.W3CHttpResponseCodec.decode(W3CHttpResponseCodec.java:138)
at org.openqa.selenium.remote.codec.w3c.W3CHttpResponseCodec.decode(W3CHttpResponseCodec.java:50)
at org.openqa.selenium.remote.HttpCommandExecutor.execute(HttpCommandExecutor.java:190)
at org.openqa.selenium.remote.service.DriverCommandExecutor.invokeExecute(DriverCommandExecutor.java:216)
at org.openqa.selenium.remote.service.DriverCommandExecutor.execute(DriverCommandExecutor.java:174)
at org.openqa.selenium.remote.RemoteWebDriver.execute(RemoteWebDriver.java:545)
at org.openqa.selenium.remote.RemoteWebElement.execute(RemoteWebElement.java:223)
at org.openqa.selenium.remote.RemoteWebElement.click(RemoteWebElement.java:76)
at org.openqa.selenium.support.pagefactory.internal.LocatingElementHandler.invoke(LocatingElementHandler.java:51)
at jdk.proxy2/jdk.proxy2.$Proxy21.click(Unknown Source)
at com.iris22a.pages.HomePage.clickOnCasualShirts(HomePage.java:61)
at com.iris22a.ProductTest.verifyItemCountOfCasualShirts(ProductTest.java:70)
at java.base/java.util.ArrayList.forEach(ArrayList.java:1597)
... Removed 35 stack frames]]>
    </failure>
  </testcase> <!-- verifyItemCountOfCasualShirts -->
  <testcase classname="com.iris22a.ProductTest" name="verifySearchResultForPoloMen" time="4.326">
    <failure type="java.lang.AssertionError" message="Product title doesn&amp;apos;t contain polo:  expected [true] but found [false]">
      <![CDATA[java.lang.AssertionError: Product title doesn't contain polo:  expected [true] but found [false]
at com.iris22a.ProductTest.verifySearchResultForPoloMen(ProductTest.java:34)
at java.base/java.util.ArrayList.forEach(ArrayList.java:1597)
... Removed 33 stack frames]]>
    </failure>
  </testcase> <!-- verifySearchResultForPoloMen -->
  <testcase classname="io.cucumber.testng.AbstractTestNGCucumberTests" name="runScenario" time="6.591">
    <failure type="java.lang.AssertionError" message="Product title doesn&amp;apos;t contain polo: Super Combed Cotton T-Shirt expected [true] but found [false]">
      <![CDATA[java.lang.AssertionError: Product title doesn't contain polo: Super Combed Cotton T-Shirt expected [true] but found [false]
at com.iris22a.stepdefinition.ProductsSteps.getSearchResult(ProductsSteps.java:46)
at ✽.All result should be related to polo.(file:///C:/Users/poonam/eclipse-workspace/iris22a/src/test/resources/Features/Sample.feature:18)
... Removed 3 stack frames]]>
    </failure>
  </testcase> <!-- runScenario -->
  <testcase classname="io.cucumber.testng.AbstractTestNGCucumberTests" name="runScenario" time="7.101"/>
  <testcase classname="io.cucumber.testng.AbstractTestNGCucumberTests" name="runScenario" time="7.568">
    <failure type="java.lang.AssertionError" message="Product title doesn&amp;apos;t contain polo: Super Combed Cotton T-Shirt expected [true] but found [false]">
      <![CDATA[java.lang.AssertionError: Product title doesn't contain polo: Super Combed Cotton T-Shirt expected [true] but found [false]
at com.iris22a.stepdefinition.ProductsSteps.getSearchResult(ProductsSteps.java:46)
at ✽.All result should be related to polo.(file:///C:/Users/poonam/eclipse-workspace/iris22a/src/test/resources/Features/Sample.feature:7)
... Removed 3 stack frames]]>
    </failure>
  </testcase> <!-- runScenario -->
  <testcase classname="io.cucumber.testng.AbstractTestNGCucumberTests" name="runScenario" time="6.365">
    <failure type="java.lang.AssertionError" message="Product title doesn&amp;apos;t contain polo: Super Combed Cotton T-Shirt expected [true] but found [false]">
      <![CDATA[java.lang.AssertionError: Product title doesn't contain polo: Super Combed Cotton T-Shirt expected [true] but found [false]
at com.iris22a.stepdefinition.ProductsSteps.getSearchResult(ProductsSteps.java:46)
at ✽.All result should be related to polo.(file:///C:/Users/poonam/eclipse-workspace/iris22a/src/test/resources/Features/Sample.feature:30)
... Removed 3 stack frames]]>
    </failure>
  </testcase> <!-- runScenario -->
  <testcase classname="io.cucumber.testng.AbstractTestNGCucumberTests" name="runScenario" time="6.995"/>
  <testcase classname="io.cucumber.testng.AbstractTestNGCucumberTests" name="runScenario" time="6.741">
    <failure type="java.lang.AssertionError" message="Product title doesn&amp;apos;t contain polo:  expected [true] but found [false]">
      <![CDATA[java.lang.AssertionError: Product title doesn't contain polo:  expected [true] but found [false]
at com.iris22a.stepdefinition.ProductsSteps.getSearchResult(ProductsSteps.java:46)
at ✽.All result should be related to polo.(file:///C:/Users/poonam/eclipse-workspace/iris22a/src/test/resources/Features/Sample.feature:40)
... Removed 3 stack frames]]>
    </failure>
  </testcase> <!-- runScenario -->
  <testcase classname="io.cucumber.testng.AbstractTestNGCucumberTests" name="runScenario" time="1.043"/>
  <testcase classname="io.cucumber.testng.AbstractTestNGCucumberTests" name="runScenario" time="1.061"/>
  <testcase classname="io.cucumber.testng.AbstractTestNGCucumberTests" name="runScenario" time="1.311"/>
  <testcase classname="io.cucumber.testng.AbstractTestNGCucumberTests" name="runScenario" time="1.138"/>
  <testcase classname="io.cucumber.testng.AbstractTestNGCucumberTests" name="runScenario" time="1.284"/>
  <testcase classname="io.cucumber.testng.AbstractTestNGCucumberTests" name="runScenario" time="1.381"/>
  <testcase classname="io.cucumber.testng.AbstractTestNGCucumberTests" name="runScenario" time="1.157"/>
  <testcase classname="io.cucumber.testng.AbstractTestNGCucumberTests" name="runScenario" time="1.18"/>
  <testcase classname="io.cucumber.testng.AbstractTestNGCucumberTests" name="runScenario" time="6.325"/>
  <testcase classname="io.cucumber.testng.AbstractTestNGCucumberTests" name="runScenario" time="5.16">
    <failure type="org.openqa.selenium.ElementNotInteractableException" message="element not interactable
  (Session info: chrome=129.0.6668.70)
Build info: version: &amp;apos;4.23.1&amp;apos;, revision: &amp;apos;656257d8e9&amp;apos;
System info: os.name: &amp;apos;Windows 11&amp;apos;, os.arch: &amp;apos;amd64&amp;apos;, os.version: &amp;apos;10.0&amp;apos;, java.version: &amp;apos;22.0.2&amp;apos;
Driver info: org.openqa.selenium.chrome.ChromeDriver
Command: [18f5ec4e1d5a2a7830b51270bbdf7c90, clickElement {id=f.8DC0F56DF8AFEB256F3B8D81759E54BE.d.ADE6404E3750F51B30C8908005072DD3.e.40}]
Capabilities {acceptInsecureCerts: false, browserName: chrome, browserVersion: 129.0.6668.70, chrome: {chromedriverVersion: 129.0.6668.70 (df87d5cf12b1..., userDataDir: C:\Users\poonam\AppData\Loc...}, fedcm:accounts: true, goog:chromeOptions: {debuggerAddress: localhost:53594}, networkConnectionEnabled: false, pageLoadStrategy: normal, platformName: windows, proxy: Proxy(), se:cdp: ws://localhost:53594/devtoo..., se:cdpVersion: 129.0.6668.70, setWindowRect: true, strictFileInteractability: false, timeouts: {implicit: 0, pageLoad: 300000, script: 30000}, unhandledPromptBehavior: dismiss and notify, webauthn:extension:credBlob: true, webauthn:extension:largeBlob: true, webauthn:extension:minPinLength: true, webauthn:extension:prf: true, webauthn:virtualAuthenticators: true}
Element: [[ChromeDriver: chrome on windows (18f5ec4e1d5a2a7830b51270bbdf7c90)] -&amp;gt; xpath: //a[@href=&amp;quot;/men-tshirts&amp;quot;]]
Session ID: 18f5ec4e1d5a2a7830b51270bbdf7c90">
      <![CDATA[org.openqa.selenium.ElementNotInteractableException: element not interactable
  (Session info: chrome=129.0.6668.70)
Build info: version: '4.23.1', revision: '656257d8e9'
System info: os.name: 'Windows 11', os.arch: 'amd64', os.version: '10.0', java.version: '22.0.2'
Driver info: org.openqa.selenium.chrome.ChromeDriver
Command: [18f5ec4e1d5a2a7830b51270bbdf7c90, clickElement {id=f.8DC0F56DF8AFEB256F3B8D81759E54BE.d.ADE6404E3750F51B30C8908005072DD3.e.40}]
Capabilities {acceptInsecureCerts: false, browserName: chrome, browserVersion: 129.0.6668.70, chrome: {chromedriverVersion: 129.0.6668.70 (df87d5cf12b1..., userDataDir: C:\Users\poonam\AppData\Loc...}, fedcm:accounts: true, goog:chromeOptions: {debuggerAddress: localhost:53594}, networkConnectionEnabled: false, pageLoadStrategy: normal, platformName: windows, proxy: Proxy(), se:cdp: ws://localhost:53594/devtoo..., se:cdpVersion: 129.0.6668.70, setWindowRect: true, strictFileInteractability: false, timeouts: {implicit: 0, pageLoad: 300000, script: 30000}, unhandledPromptBehavior: dismiss and notify, webauthn:extension:credBlob: true, webauthn:extension:largeBlob: true, webauthn:extension:minPinLength: true, webauthn:extension:prf: true, webauthn:virtualAuthenticators: true}
Element: [[ChromeDriver: chrome on windows (18f5ec4e1d5a2a7830b51270bbdf7c90)] -> xpath: //a[@href="/men-tshirts"]]
Session ID: 18f5ec4e1d5a2a7830b51270bbdf7c90
at org.openqa.selenium.remote.ErrorCodec.decode(ErrorCodec.java:167)
at org.openqa.selenium.remote.codec.w3c.W3CHttpResponseCodec.decode(W3CHttpResponseCodec.java:138)
at org.openqa.selenium.remote.codec.w3c.W3CHttpResponseCodec.decode(W3CHttpResponseCodec.java:50)
at org.openqa.selenium.remote.HttpCommandExecutor.execute(HttpCommandExecutor.java:190)
at org.openqa.selenium.remote.service.DriverCommandExecutor.invokeExecute(DriverCommandExecutor.java:216)
at org.openqa.selenium.remote.service.DriverCommandExecutor.execute(DriverCommandExecutor.java:174)
at org.openqa.selenium.remote.RemoteWebDriver.execute(RemoteWebDriver.java:545)
at org.openqa.selenium.remote.RemoteWebElement.execute(RemoteWebElement.java:223)
at org.openqa.selenium.remote.RemoteWebElement.click(RemoteWebElement.java:76)
at org.openqa.selenium.support.pagefactory.internal.LocatingElementHandler.invoke(LocatingElementHandler.java:51)
at jdk.proxy2/jdk.proxy2.$Proxy21.click(Unknown Source)
at com.iris22a.keywords.UIkeyword.click(UIkeyword.java:180)
at com.iris22a.pages.HomePage.clickOnMenTshirt(HomePage.java:57)
at com.iris22a.stepdefinition.ProductsSteps.clickOnMenTshiert(ProductsSteps.java:63)
at ✽.user click on mens T-shirt(file:///C:/Users/poonam/eclipse-workspace/iris22a/src/test/resources/Features/products.feature:12)
... Removed 5 stack frames]]>
    </failure>
  </testcase> <!-- runScenario -->
  <testcase classname="io.cucumber.testng.AbstractTestNGCucumberTests" name="runScenario" time="5.61">
    <failure type="java.lang.AssertionError" message="Product title doesn&amp;apos;t contain polo: Super Combed Cotton T-Shirt expected [true] but found [false]">
      <![CDATA[java.lang.AssertionError: Product title doesn't contain polo: Super Combed Cotton T-Shirt expected [true] but found [false]
at com.iris22a.stepdefinition.ProductsSteps.getSearchResult(ProductsSteps.java:46)
at ✽.All result should be related to polo.(file:///C:/Users/poonam/eclipse-workspace/iris22a/src/test/resources/Features/products.feature:7)
... Removed 3 stack frames]]>
    </failure>
  </testcase> <!-- runScenario -->
  <testcase classname="io.cucumber.testng.AbstractTestNGCucumberTests" name="runScenario" time="5.829">
    <failure type="java.lang.AssertionError" message="Product title doesn&amp;apos;t contain polo:  expected [true] but found [false]">
      <![CDATA[java.lang.AssertionError: Product title doesn't contain polo:  expected [true] but found [false]
at com.iris22a.stepdefinition.ProductsSteps.getSearchResult(ProductsSteps.java:46)
at ✽.All result should be related to polo.(file:///C:/Users/poonam/eclipse-workspace/iris22a/src/test/resources/Features/products.feature:18)
... Removed 3 stack frames]]>
    </failure>
  </testcase> <!-- runScenario -->
  <testcase classname="io.cucumber.testng.AbstractTestNGCucumberTests" name="runScenario" time="29.468"/>
  <testcase classname="io.cucumber.testng.AbstractTestNGCucumberTests" name="runScenario" time="8.784"/>
  <testcase classname="io.cucumber.testng.AbstractTestNGCucumberTests" name="runScenario" time="8.413">
    <failure type="java.lang.AssertionError" message="Product title doesn&amp;apos;t contain polo: Super Combed Cotton T-Shirt expected [true] but found [false]">
      <![CDATA[java.lang.AssertionError: Product title doesn't contain polo: Super Combed Cotton T-Shirt expected [true] but found [false]
at com.iris22a.stepdefinition.ProductsSteps.getSearchResult(ProductsSteps.java:46)
at ✽.All result should be related to polo.(file:///C:/Users/poonam/eclipse-workspace/iris22a/src/test/resources/Features/products.feature:30)
... Removed 3 stack frames]]>
    </failure>
  </testcase> <!-- runScenario -->
  <testcase classname="io.cucumber.testng.AbstractTestNGCucumberTests" name="runScenario" time="7.898"/>
  <testcase classname="io.cucumber.testng.AbstractTestNGCucumberTests" name="runScenario" time="6.485">
    <failure type="java.lang.AssertionError" message="Product title doesn&amp;apos;t contain polo: Super Combed Cotton T-Shirt expected [true] but found [false]">
      <![CDATA[java.lang.AssertionError: Product title doesn't contain polo: Super Combed Cotton T-Shirt expected [true] but found [false]
at com.iris22a.stepdefinition.ProductsSteps.getSearchResult(ProductsSteps.java:46)
at ✽.All result should be related to polo.(file:///C:/Users/poonam/eclipse-workspace/iris22a/src/test/resources/Features/products.feature:40)
... Removed 3 stack frames]]>
    </failure>
  </testcase> <!-- runScenario -->
  <testcase classname="io.cucumber.testng.AbstractTestNGCucumberTests" name="runScenario" time="3.557">
    <failure type="org.openqa.selenium.ElementNotInteractableException" message="element not interactable
  (Session info: chrome=129.0.6668.70)
Build info: version: &amp;apos;4.23.1&amp;apos;, revision: &amp;apos;656257d8e9&amp;apos;
System info: os.name: &amp;apos;Windows 11&amp;apos;, os.arch: &amp;apos;amd64&amp;apos;, os.version: &amp;apos;10.0&amp;apos;, java.version: &amp;apos;22.0.2&amp;apos;
Driver info: org.openqa.selenium.chrome.ChromeDriver
Command: [3dab3fd4f370835a8b3ed8a0ecf2a276, clickElement {id=f.EE101BCD67635B7E8AFC5590688EEB5F.d.57B1A3B8CEF7F6847D9AB2C16D7C2DB2.e.46}]
Capabilities {acceptInsecureCerts: false, browserName: chrome, browserVersion: 129.0.6668.70, chrome: {chromedriverVersion: 129.0.6668.70 (df87d5cf12b1..., userDataDir: C:\Users\poonam\AppData\Loc...}, fedcm:accounts: true, goog:chromeOptions: {debuggerAddress: localhost:54027}, networkConnectionEnabled: false, pageLoadStrategy: normal, platformName: windows, proxy: Proxy(), se:cdp: ws://localhost:54027/devtoo..., se:cdpVersion: 129.0.6668.70, setWindowRect: true, strictFileInteractability: false, timeouts: {implicit: 0, pageLoad: 300000, script: 30000}, unhandledPromptBehavior: dismiss and notify, webauthn:extension:credBlob: true, webauthn:extension:largeBlob: true, webauthn:extension:minPinLength: true, webauthn:extension:prf: true, webauthn:virtualAuthenticators: true}
Element: [[ChromeDriver: chrome on windows (3dab3fd4f370835a8b3ed8a0ecf2a276)] -&amp;gt; xpath: //a[@href=&amp;quot;/men-tshirts&amp;quot;]]
Session ID: 3dab3fd4f370835a8b3ed8a0ecf2a276">
      <![CDATA[org.openqa.selenium.ElementNotInteractableException: element not interactable
  (Session info: chrome=129.0.6668.70)
Build info: version: '4.23.1', revision: '656257d8e9'
System info: os.name: 'Windows 11', os.arch: 'amd64', os.version: '10.0', java.version: '22.0.2'
Driver info: org.openqa.selenium.chrome.ChromeDriver
Command: [3dab3fd4f370835a8b3ed8a0ecf2a276, clickElement {id=f.EE101BCD67635B7E8AFC5590688EEB5F.d.57B1A3B8CEF7F6847D9AB2C16D7C2DB2.e.46}]
Capabilities {acceptInsecureCerts: false, browserName: chrome, browserVersion: 129.0.6668.70, chrome: {chromedriverVersion: 129.0.6668.70 (df87d5cf12b1..., userDataDir: C:\Users\poonam\AppData\Loc...}, fedcm:accounts: true, goog:chromeOptions: {debuggerAddress: localhost:54027}, networkConnectionEnabled: false, pageLoadStrategy: normal, platformName: windows, proxy: Proxy(), se:cdp: ws://localhost:54027/devtoo..., se:cdpVersion: 129.0.6668.70, setWindowRect: true, strictFileInteractability: false, timeouts: {implicit: 0, pageLoad: 300000, script: 30000}, unhandledPromptBehavior: dismiss and notify, webauthn:extension:credBlob: true, webauthn:extension:largeBlob: true, webauthn:extension:minPinLength: true, webauthn:extension:prf: true, webauthn:virtualAuthenticators: true}
Element: [[ChromeDriver: chrome on windows (3dab3fd4f370835a8b3ed8a0ecf2a276)] -> xpath: //a[@href="/men-tshirts"]]
Session ID: 3dab3fd4f370835a8b3ed8a0ecf2a276
at org.openqa.selenium.remote.ErrorCodec.decode(ErrorCodec.java:167)
at org.openqa.selenium.remote.codec.w3c.W3CHttpResponseCodec.decode(W3CHttpResponseCodec.java:138)
at org.openqa.selenium.remote.codec.w3c.W3CHttpResponseCodec.decode(W3CHttpResponseCodec.java:50)
at org.openqa.selenium.remote.HttpCommandExecutor.execute(HttpCommandExecutor.java:190)
at org.openqa.selenium.remote.service.DriverCommandExecutor.invokeExecute(DriverCommandExecutor.java:216)
at org.openqa.selenium.remote.service.DriverCommandExecutor.execute(DriverCommandExecutor.java:174)
at org.openqa.selenium.remote.RemoteWebDriver.execute(RemoteWebDriver.java:545)
at org.openqa.selenium.remote.RemoteWebElement.execute(RemoteWebElement.java:223)
at org.openqa.selenium.remote.RemoteWebElement.click(RemoteWebElement.java:76)
at org.openqa.selenium.support.pagefactory.internal.LocatingElementHandler.invoke(LocatingElementHandler.java:51)
at jdk.proxy2/jdk.proxy2.$Proxy21.click(Unknown Source)
at com.iris22a.keywords.UIkeyword.click(UIkeyword.java:180)
at com.iris22a.pages.HomePage.clickOnMenTshirt(HomePage.java:57)
at com.iris22a.stepdefinition.ProductsSteps.clickOnMenTshiert(ProductsSteps.java:63)
at ✽.user click on mens T-shirt(file:///C:/Users/poonam/eclipse-workspace/iris22a/src/test/resources/Features/products.feature:45)
... Removed 5 stack frames]]>
    </failure>
  </testcase> <!-- runScenario -->
</testsuite> <!-- Surefire test -->
