<html>
<head>
<title>TestNG:  Surefire test</title>
<link href="../testng.css" rel="stylesheet" type="text/css" />
<link href="../my-testng.css" rel="stylesheet" type="text/css" />

<style type="text/css">
.log { display: none;} 
.stack-trace { display: none;} 
</style>
<script type="text/javascript">
<!--
function flip(e) {
  current = e.style.display;
  if (current == 'block') {
    e.style.display = 'none';
    return 0;
  }
  else {
    e.style.display = 'block';
    return 1;
  }
}

function toggleBox(szDivId, elem, msg1, msg2)
{
  var res = -1;  if (document.getElementById) {
    res = flip(document.getElementById(szDivId));
  }
  else if (document.all) {
    // this is the way old msie versions work
    res = flip(document.all[szDivId]);
  }
  if(elem) {
    if(res == 0) elem.innerHTML = msg1; else elem.innerHTML = msg2;
  }

}

function toggleAllBoxes() {
  if (document.getElementsByTagName) {
    d = document.getElementsByTagName('div');
    for (i = 0; i < d.length; i++) {
      if (d[i].className == 'log') {
        flip(d[i]);
      }
    }
  }
}

// -->
</script>

</head>
<body>
<h2 align='center'>Surefire test</h2><table border='1' align="center">
<tr>
<td>Tests passed/Failed/Skipped:</td><td>25/12/0</td>
</tr><tr>
<td>Started on:</td><td>Tue Oct 01 01:09:57 IST 2024</td>
</tr>
<tr><td>Total time:</td><td>59 seconds (59897 ms)</td>
</tr><tr>
<td>Included groups:</td><td></td>
</tr><tr>
<td>Excluded groups:</td><td></td>
</tr>
</table><p/>
<small><i>(Hover the method name to see the test class name)</i></small><p/>
<table width='100%' border='1' class='invocation-failed'>
<tr><td colspan='4' align='center'><b>FAILED TESTS</b></td></tr>
<tr><td><b>Test method</b></td>
<td><b>Attribute(s)</b></td>
<td width="30%"><b>Exception</b></td>
<td width="10%"><b>Time (seconds)</b></td>
<td><b>Instance</b></td>
</tr>
<tr>
<td title='com.runner.RunnerTest.runScenario()'><b>runScenario</b><br>Test class: com.runner.RunnerTest<br>Test method: Runs Cucumber Scenarios<br>Parameters: "Verify search result for polo men.", "This file contains the test cases of products."</td>
<td><div><pre>java.lang.AssertionError: Product title doesn&apos;t contain polo: Super Combed Cotton T-Shirt expected [true] but found [false]
	at com.iris22a.stepdefinition.ProductsSteps.getSearchResult(ProductsSteps.java:46)
	at ✽.All result should be related to polo.(file:///C:/Users/poonam/eclipse-workspace/iris22a/src/test/resources/Features/products.feature:40)
... Removed 3 stack frames</pre></div><a href='#' onClick='toggleBox("stack-trace1379256981", this, "Click to show all stack frames", "Click to hide stack frames")'>Click to show all stack frames</a>
<div class='stack-trace' id='stack-trace1379256981'><pre>java.lang.AssertionError: Product title doesn&apos;t contain polo: Super Combed Cotton T-Shirt expected [true] but found [false]
	at org.testng.Assert.fail(Assert.java:111)
	at org.testng.Assert.failNotEquals(Assert.java:1578)
	at org.testng.Assert.assertTrue(Assert.java:57)
	at com.iris22a.stepdefinition.ProductsSteps.getSearchResult(ProductsSteps.java:46)
	at ✽.All result should be related to polo.(file:///C:/Users/poonam/eclipse-workspace/iris22a/src/test/resources/Features/products.feature:40)
</pre></div></td>
<td>6</td>
<td>com.runner.RunnerTest@6221a451</td></tr>
<tr>
<td title='com.runner.RunnerTest.runScenario()'><b>runScenario</b><br>Test class: com.runner.RunnerTest<br>Test method: Runs Cucumber Scenarios<br>Parameters: "Verify search result for polo men.", "This file contains the test cases of products."</td>
<td><div><pre>java.lang.AssertionError: Product title doesn&apos;t contain polo: Super Combed Cotton T-Shirt expected [true] but found [false]
	at com.iris22a.stepdefinition.ProductsSteps.getSearchResult(ProductsSteps.java:46)
	at ✽.All result should be related to polo.(file:///C:/Users/poonam/eclipse-workspace/iris22a/src/test/resources/Features/Sample.feature:18)
... Removed 3 stack frames</pre></div><a href='#' onClick='toggleBox("stack-trace1579034941", this, "Click to show all stack frames", "Click to hide stack frames")'>Click to show all stack frames</a>
<div class='stack-trace' id='stack-trace1579034941'><pre>java.lang.AssertionError: Product title doesn&apos;t contain polo: Super Combed Cotton T-Shirt expected [true] but found [false]
	at org.testng.Assert.fail(Assert.java:111)
	at org.testng.Assert.failNotEquals(Assert.java:1578)
	at org.testng.Assert.assertTrue(Assert.java:57)
	at com.iris22a.stepdefinition.ProductsSteps.getSearchResult(ProductsSteps.java:46)
	at ✽.All result should be related to polo.(file:///C:/Users/poonam/eclipse-workspace/iris22a/src/test/resources/Features/Sample.feature:18)
</pre></div></td>
<td>6</td>
<td>com.runner.RunnerTest@6221a451</td></tr>
<tr>
<td title='com.runner.RunnerTest.runScenario()'><b>runScenario</b><br>Test class: com.runner.RunnerTest<br>Test method: Runs Cucumber Scenarios<br>Parameters: "Verify if search by popularity yeilds proper result", "This file contains the test cases of products."</td>
<td><div><pre>org.openqa.selenium.ElementNotInteractableException: element not interactable
  (Session info: chrome=129.0.6668.70)
Build info: version: &apos;4.23.1&apos;, revision: &apos;656257d8e9&apos;
System info: os.name: &apos;Windows 11&apos;, os.arch: &apos;amd64&apos;, os.version: &apos;10.0&apos;, java.version: &apos;22.0.2&apos;
Driver info: org.openqa.selenium.chrome.ChromeDriver
Command: [3dab3fd4f370835a8b3ed8a0ecf2a276, clickElement {id=f.EE101BCD67635B7E8AFC5590688EEB5F.d.57B1A3B8CEF7F6847D9AB2C16D7C2DB2.e.46}]
Capabilities {acceptInsecureCerts: false, browserName: chrome, browserVersion: 129.0.6668.70, chrome: {chromedriverVersion: 129.0.6668.70 (df87d5cf12b1..., userDataDir: C:\Users\poonam\AppData\Loc...}, fedcm:accounts: true, goog:chromeOptions: {debuggerAddress: localhost:54027}, networkConnectionEnabled: false, pageLoadStrategy: normal, platformName: windows, proxy: Proxy(), se:cdp: ws://localhost:54027/devtoo..., se:cdpVersion: 129.0.6668.70, setWindowRect: true, strictFileInteractability: false, timeouts: {implicit: 0, pageLoad: 300000, script: 30000}, unhandledPromptBehavior: dismiss and notify, webauthn:extension:credBlob: true, webauthn:extension:largeBlob: true, webauthn:extension:minPinLength: true, webauthn:extension:prf: true, webauthn:virtualAuthenticators: true}
Element: [[ChromeDriver: chrome on windows (3dab3fd4f370835a8b3ed8a0ecf2a276)] -&gt; xpath: //a[@href=&quot;/men-tshirts&quot;]]
Session ID: 3dab3fd4f370835a8b3ed8a0ecf2a276
	at org.openqa.selenium.remote.ErrorCodec.decode(ErrorCodec.java:167)
	at org.openqa.selenium.remote.codec.w3c.W3CHttpResponseCodec.decode(W3CHttpResponseCodec.java:138)
	at org.openqa.selenium.remote.codec.w3c.W3CHttpResponseCodec.decode(W3CHttpResponseCodec.java:50)
	at org.openqa.selenium.remote.HttpCommandExecutor.execute(HttpCommandExecutor.java:190)
	at org.openqa.selenium.remote.service.DriverCommandExecutor.invokeExecute(DriverCommandExecutor.java:216)
	at org.openqa.selenium.remote.service.DriverCommandExecutor.execute(DriverCommandExecutor.java:174)
	at org.openqa.selenium.remote.RemoteWebDriver.execute(RemoteWebDriver.java:545)
	at org.openqa.selenium.remote.RemoteWebElement.execute(RemoteWebElement.java:223)
	at org.openqa.selenium.remote.RemoteWebElement.click(RemoteWebElement.java:76)
	at org.openqa.selenium.support.pagefactory.internal.LocatingElementHandler.invoke(LocatingElementHandler.java:51)
	at jdk.proxy2/jdk.proxy2.$Proxy21.click(Unknown Source)
	at com.iris22a.keywords.UIkeyword.click(UIkeyword.java:180)
	at com.iris22a.pages.HomePage.clickOnMenTshirt(HomePage.java:57)
	at com.iris22a.stepdefinition.ProductsSteps.clickOnMenTshiert(ProductsSteps.java:63)
	at ✽.user click on mens T-shirt(file:///C:/Users/poonam/eclipse-workspace/iris22a/src/test/resources/Features/products.feature:45)
... Removed 5 stack frames</pre></div><a href='#' onClick='toggleBox("stack-trace2130039582", this, "Click to show all stack frames", "Click to hide stack frames")'>Click to show all stack frames</a>
<div class='stack-trace' id='stack-trace2130039582'><pre>org.openqa.selenium.ElementNotInteractableException: element not interactable
  (Session info: chrome=129.0.6668.70)
Build info: version: &apos;4.23.1&apos;, revision: &apos;656257d8e9&apos;
System info: os.name: &apos;Windows 11&apos;, os.arch: &apos;amd64&apos;, os.version: &apos;10.0&apos;, java.version: &apos;22.0.2&apos;
Driver info: org.openqa.selenium.chrome.ChromeDriver
Command: [3dab3fd4f370835a8b3ed8a0ecf2a276, clickElement {id=f.EE101BCD67635B7E8AFC5590688EEB5F.d.57B1A3B8CEF7F6847D9AB2C16D7C2DB2.e.46}]
Capabilities {acceptInsecureCerts: false, browserName: chrome, browserVersion: 129.0.6668.70, chrome: {chromedriverVersion: 129.0.6668.70 (df87d5cf12b1..., userDataDir: C:\Users\poonam\AppData\Loc...}, fedcm:accounts: true, goog:chromeOptions: {debuggerAddress: localhost:54027}, networkConnectionEnabled: false, pageLoadStrategy: normal, platformName: windows, proxy: Proxy(), se:cdp: ws://localhost:54027/devtoo..., se:cdpVersion: 129.0.6668.70, setWindowRect: true, strictFileInteractability: false, timeouts: {implicit: 0, pageLoad: 300000, script: 30000}, unhandledPromptBehavior: dismiss and notify, webauthn:extension:credBlob: true, webauthn:extension:largeBlob: true, webauthn:extension:minPinLength: true, webauthn:extension:prf: true, webauthn:virtualAuthenticators: true}
Element: [[ChromeDriver: chrome on windows (3dab3fd4f370835a8b3ed8a0ecf2a276)] -&gt; xpath: //a[@href=&quot;/men-tshirts&quot;]]
Session ID: 3dab3fd4f370835a8b3ed8a0ecf2a276
	at java.base/jdk.internal.reflect.DirectConstructorHandleAccessor.newInstance(DirectConstructorHandleAccessor.java:62)
	at java.base/java.lang.reflect.Constructor.newInstanceWithCaller(Constructor.java:502)
	at java.base/java.lang.reflect.Constructor.newInstance(Constructor.java:486)
	at org.openqa.selenium.remote.ErrorCodec.decode(ErrorCodec.java:167)
	at org.openqa.selenium.remote.codec.w3c.W3CHttpResponseCodec.decode(W3CHttpResponseCodec.java:138)
	at org.openqa.selenium.remote.codec.w3c.W3CHttpResponseCodec.decode(W3CHttpResponseCodec.java:50)
	at org.openqa.selenium.remote.HttpCommandExecutor.execute(HttpCommandExecutor.java:190)
	at org.openqa.selenium.remote.service.DriverCommandExecutor.invokeExecute(DriverCommandExecutor.java:216)
	at org.openqa.selenium.remote.service.DriverCommandExecutor.execute(DriverCommandExecutor.java:174)
	at org.openqa.selenium.remote.RemoteWebDriver.execute(RemoteWebDriver.java:545)
	at org.openqa.selenium.remote.RemoteWebElement.execute(RemoteWebElement.java:223)
	at org.openqa.selenium.remote.RemoteWebElement.click(RemoteWebElement.java:76)
	at java.base/jdk.internal.reflect.DirectMethodHandleAccessor.invoke(DirectMethodHandleAccessor.java:103)
	at java.base/java.lang.reflect.Method.invoke(Method.java:580)
	at org.openqa.selenium.support.pagefactory.internal.LocatingElementHandler.invoke(LocatingElementHandler.java:51)
	at jdk.proxy2/jdk.proxy2.$Proxy21.click(Unknown Source)
	at com.iris22a.keywords.UIkeyword.click(UIkeyword.java:180)
	at com.iris22a.pages.HomePage.clickOnMenTshirt(HomePage.java:57)
	at com.iris22a.stepdefinition.ProductsSteps.clickOnMenTshiert(ProductsSteps.java:63)
	at ✽.user click on mens T-shirt(file:///C:/Users/poonam/eclipse-workspace/iris22a/src/test/resources/Features/products.feature:45)
</pre></div></td>
<td>3</td>
<td>com.runner.RunnerTest@6221a451</td></tr>
<tr>
<td title='com.runner.RunnerTest.runScenario()'><b>runScenario</b><br>Test class: com.runner.RunnerTest<br>Test method: Runs Cucumber Scenarios<br>Parameters: "Verify search result for polo men.", "This file contains the test cases of products."</td>
<td><div><pre>java.lang.AssertionError: Product title doesn&apos;t contain polo:  expected [true] but found [false]
	at com.iris22a.stepdefinition.ProductsSteps.getSearchResult(ProductsSteps.java:46)
	at ✽.All result should be related to polo.(file:///C:/Users/poonam/eclipse-workspace/iris22a/src/test/resources/Features/Sample.feature:40)
... Removed 3 stack frames</pre></div><a href='#' onClick='toggleBox("stack-trace1541223057", this, "Click to show all stack frames", "Click to hide stack frames")'>Click to show all stack frames</a>
<div class='stack-trace' id='stack-trace1541223057'><pre>java.lang.AssertionError: Product title doesn&apos;t contain polo:  expected [true] but found [false]
	at org.testng.Assert.fail(Assert.java:111)
	at org.testng.Assert.failNotEquals(Assert.java:1578)
	at org.testng.Assert.assertTrue(Assert.java:57)
	at com.iris22a.stepdefinition.ProductsSteps.getSearchResult(ProductsSteps.java:46)
	at ✽.All result should be related to polo.(file:///C:/Users/poonam/eclipse-workspace/iris22a/src/test/resources/Features/Sample.feature:40)
</pre></div></td>
<td>6</td>
<td>com.runner.RunnerTest@6221a451</td></tr>
<tr>
<td title='com.runner.RunnerTest.runScenario()'><b>runScenario</b><br>Test class: com.runner.RunnerTest<br>Test method: Runs Cucumber Scenarios<br>Parameters: "Verify search result for polo men.", "This file contains the test cases of products."</td>
<td><div><pre>java.lang.AssertionError: Product title doesn&apos;t contain polo: Super Combed Cotton T-Shirt expected [true] but found [false]
	at com.iris22a.stepdefinition.ProductsSteps.getSearchResult(ProductsSteps.java:46)
	at ✽.All result should be related to polo.(file:///C:/Users/poonam/eclipse-workspace/iris22a/src/test/resources/Features/Sample.feature:30)
... Removed 3 stack frames</pre></div><a href='#' onClick='toggleBox("stack-trace988412505", this, "Click to show all stack frames", "Click to hide stack frames")'>Click to show all stack frames</a>
<div class='stack-trace' id='stack-trace988412505'><pre>java.lang.AssertionError: Product title doesn&apos;t contain polo: Super Combed Cotton T-Shirt expected [true] but found [false]
	at org.testng.Assert.fail(Assert.java:111)
	at org.testng.Assert.failNotEquals(Assert.java:1578)
	at org.testng.Assert.assertTrue(Assert.java:57)
	at com.iris22a.stepdefinition.ProductsSteps.getSearchResult(ProductsSteps.java:46)
	at ✽.All result should be related to polo.(file:///C:/Users/poonam/eclipse-workspace/iris22a/src/test/resources/Features/Sample.feature:30)
</pre></div></td>
<td>6</td>
<td>com.runner.RunnerTest@6221a451</td></tr>
<tr>
<td title='com.iris22a.ProductTest.verifySearchResultForPoloMen()'><b>verifySearchResultForPoloMen</b><br>Test class: com.iris22a.ProductTest</td>
<td><div><pre>java.lang.AssertionError: Product title doesn&apos;t contain polo:  expected [true] but found [false]
	at com.iris22a.ProductTest.verifySearchResultForPoloMen(ProductTest.java:34)
	at java.base/java.util.ArrayList.forEach(ArrayList.java:1597)
... Removed 33 stack frames</pre></div><a href='#' onClick='toggleBox("stack-trace430050226", this, "Click to show all stack frames", "Click to hide stack frames")'>Click to show all stack frames</a>
<div class='stack-trace' id='stack-trace430050226'><pre>java.lang.AssertionError: Product title doesn&apos;t contain polo:  expected [true] but found [false]
	at org.testng.Assert.fail(Assert.java:111)
	at org.testng.Assert.failNotEquals(Assert.java:1578)
	at org.testng.Assert.assertTrue(Assert.java:57)
	at com.iris22a.ProductTest.verifySearchResultForPoloMen(ProductTest.java:34)
	at java.base/jdk.internal.reflect.DirectMethodHandleAccessor.invoke(DirectMethodHandleAccessor.java:103)
	at java.base/java.lang.reflect.Method.invoke(Method.java:580)
	at org.testng.internal.invokers.MethodInvocationHelper.invokeMethod(MethodInvocationHelper.java:141)
	at org.testng.internal.invokers.TestInvoker.invokeMethod(TestInvoker.java:686)
	at org.testng.internal.invokers.TestInvoker.invokeTestMethod(TestInvoker.java:230)
	at org.testng.internal.invokers.MethodRunner.runInSequence(MethodRunner.java:63)
	at org.testng.internal.invokers.TestInvoker$MethodInvocationAgent.invoke(TestInvoker.java:992)
	at org.testng.internal.invokers.TestInvoker.invokeTestMethods(TestInvoker.java:203)
	at org.testng.internal.invokers.TestMethodWorker.invokeTestMethods(TestMethodWorker.java:154)
	at org.testng.internal.invokers.TestMethodWorker.run(TestMethodWorker.java:134)
	at java.base/java.util.ArrayList.forEach(ArrayList.java:1597)
	at org.testng.TestRunner.privateRun(TestRunner.java:739)
	at org.testng.TestRunner.run(TestRunner.java:614)
	at org.testng.SuiteRunner.runTest(SuiteRunner.java:421)
	at org.testng.SuiteRunner.runSequentially(SuiteRunner.java:413)
	at org.testng.SuiteRunner.privateRun(SuiteRunner.java:373)
	at org.testng.SuiteRunner.run(SuiteRunner.java:312)
	at org.testng.SuiteRunnerWorker.runSuite(SuiteRunnerWorker.java:52)
	at org.testng.SuiteRunnerWorker.run(SuiteRunnerWorker.java:95)
	at org.testng.TestNG.runSuitesSequentially(TestNG.java:1274)
	at org.testng.TestNG.runSuitesLocally(TestNG.java:1208)
	at org.testng.TestNG.runSuites(TestNG.java:1112)
	at org.testng.TestNG.run(TestNG.java:1079)
	at org.apache.maven.surefire.testng.TestNGExecutor.run(TestNGExecutor.java:135)
	at org.apache.maven.surefire.testng.TestNGDirectoryTestSuite.executeMulti(TestNGDirectoryTestSuite.java:193)
	at org.apache.maven.surefire.testng.TestNGDirectoryTestSuite.execute(TestNGDirectoryTestSuite.java:94)
	at org.apache.maven.surefire.testng.TestNGProvider.invoke(TestNGProvider.java:146)
	at org.apache.maven.surefire.booter.ForkedBooter.invokeProviderInSameClassLoader(ForkedBooter.java:383)
	at org.apache.maven.surefire.booter.ForkedBooter.runSuitesInProcess(ForkedBooter.java:344)
	at org.apache.maven.surefire.booter.ForkedBooter.execute(ForkedBooter.java:125)
	at org.apache.maven.surefire.booter.ForkedBooter.main(ForkedBooter.java:417)
</pre></div></td>
<td>4</td>
<td>com.iris22a.ProductTest@36916eb0</td></tr>
<tr>
<td title='com.iris22a.ProductTest.verifyItemCountOfCasualShirts()'><b>verifyItemCountOfCasualShirts</b><br>Test class: com.iris22a.ProductTest</td>
<td><div><pre>org.openqa.selenium.ElementNotInteractableException: element not interactable
  (Session info: chrome=129.0.6668.70)
Build info: version: &apos;4.23.1&apos;, revision: &apos;656257d8e9&apos;
System info: os.name: &apos;Windows 11&apos;, os.arch: &apos;amd64&apos;, os.version: &apos;10.0&apos;, java.version: &apos;22.0.2&apos;
Driver info: org.openqa.selenium.chrome.ChromeDriver
Command: [188a275cc0e7d37df7e869dadcb27c0c, clickElement {id=f.19A719DCDD1F2EA0A69EE9EA969F6678.d.51966B940D8930CED4B4EF362D323907.e.47}]
Capabilities {acceptInsecureCerts: false, browserName: chrome, browserVersion: 129.0.6668.70, chrome: {chromedriverVersion: 129.0.6668.70 (df87d5cf12b1..., userDataDir: C:\Users\poonam\AppData\Loc...}, fedcm:accounts: true, goog:chromeOptions: {debuggerAddress: localhost:52818}, networkConnectionEnabled: false, pageLoadStrategy: normal, platformName: windows, proxy: Proxy(), se:cdp: ws://localhost:52818/devtoo..., se:cdpVersion: 129.0.6668.70, setWindowRect: true, strictFileInteractability: false, timeouts: {implicit: 0, pageLoad: 300000, script: 30000}, unhandledPromptBehavior: dismiss and notify, webauthn:extension:credBlob: true, webauthn:extension:largeBlob: true, webauthn:extension:minPinLength: true, webauthn:extension:prf: true, webauthn:virtualAuthenticators: true}
Element: [[ChromeDriver: chrome on windows (188a275cc0e7d37df7e869dadcb27c0c)] -&gt; xpath: (//li[@class=&quot;desktop-oddColumnContent&quot;])[1]/descendant::a[contains(text(),&quot;Casual&quot;)]]
Session ID: 188a275cc0e7d37df7e869dadcb27c0c
	at org.openqa.selenium.remote.ErrorCodec.decode(ErrorCodec.java:167)
	at org.openqa.selenium.remote.codec.w3c.W3CHttpResponseCodec.decode(W3CHttpResponseCodec.java:138)
	at org.openqa.selenium.remote.codec.w3c.W3CHttpResponseCodec.decode(W3CHttpResponseCodec.java:50)
	at org.openqa.selenium.remote.HttpCommandExecutor.execute(HttpCommandExecutor.java:190)
	at org.openqa.selenium.remote.service.DriverCommandExecutor.invokeExecute(DriverCommandExecutor.java:216)
	at org.openqa.selenium.remote.service.DriverCommandExecutor.execute(DriverCommandExecutor.java:174)
	at org.openqa.selenium.remote.RemoteWebDriver.execute(RemoteWebDriver.java:545)
	at org.openqa.selenium.remote.RemoteWebElement.execute(RemoteWebElement.java:223)
	at org.openqa.selenium.remote.RemoteWebElement.click(RemoteWebElement.java:76)
	at org.openqa.selenium.support.pagefactory.internal.LocatingElementHandler.invoke(LocatingElementHandler.java:51)
	at jdk.proxy2/jdk.proxy2.$Proxy21.click(Unknown Source)
	at com.iris22a.pages.HomePage.clickOnCasualShirts(HomePage.java:61)
	at com.iris22a.ProductTest.verifyItemCountOfCasualShirts(ProductTest.java:70)
	at java.base/java.util.ArrayList.forEach(ArrayList.java:1597)
... Removed 35 stack frames</pre></div><a href='#' onClick='toggleBox("stack-trace1387511555", this, "Click to show all stack frames", "Click to hide stack frames")'>Click to show all stack frames</a>
<div class='stack-trace' id='stack-trace1387511555'><pre>org.openqa.selenium.ElementNotInteractableException: element not interactable
  (Session info: chrome=129.0.6668.70)
Build info: version: &apos;4.23.1&apos;, revision: &apos;656257d8e9&apos;
System info: os.name: &apos;Windows 11&apos;, os.arch: &apos;amd64&apos;, os.version: &apos;10.0&apos;, java.version: &apos;22.0.2&apos;
Driver info: org.openqa.selenium.chrome.ChromeDriver
Command: [188a275cc0e7d37df7e869dadcb27c0c, clickElement {id=f.19A719DCDD1F2EA0A69EE9EA969F6678.d.51966B940D8930CED4B4EF362D323907.e.47}]
Capabilities {acceptInsecureCerts: false, browserName: chrome, browserVersion: 129.0.6668.70, chrome: {chromedriverVersion: 129.0.6668.70 (df87d5cf12b1..., userDataDir: C:\Users\poonam\AppData\Loc...}, fedcm:accounts: true, goog:chromeOptions: {debuggerAddress: localhost:52818}, networkConnectionEnabled: false, pageLoadStrategy: normal, platformName: windows, proxy: Proxy(), se:cdp: ws://localhost:52818/devtoo..., se:cdpVersion: 129.0.6668.70, setWindowRect: true, strictFileInteractability: false, timeouts: {implicit: 0, pageLoad: 300000, script: 30000}, unhandledPromptBehavior: dismiss and notify, webauthn:extension:credBlob: true, webauthn:extension:largeBlob: true, webauthn:extension:minPinLength: true, webauthn:extension:prf: true, webauthn:virtualAuthenticators: true}
Element: [[ChromeDriver: chrome on windows (188a275cc0e7d37df7e869dadcb27c0c)] -&gt; xpath: (//li[@class=&quot;desktop-oddColumnContent&quot;])[1]/descendant::a[contains(text(),&quot;Casual&quot;)]]
Session ID: 188a275cc0e7d37df7e869dadcb27c0c
	at java.base/jdk.internal.reflect.DirectConstructorHandleAccessor.newInstance(DirectConstructorHandleAccessor.java:62)
	at java.base/java.lang.reflect.Constructor.newInstanceWithCaller(Constructor.java:502)
	at java.base/java.lang.reflect.Constructor.newInstance(Constructor.java:486)
	at org.openqa.selenium.remote.ErrorCodec.decode(ErrorCodec.java:167)
	at org.openqa.selenium.remote.codec.w3c.W3CHttpResponseCodec.decode(W3CHttpResponseCodec.java:138)
	at org.openqa.selenium.remote.codec.w3c.W3CHttpResponseCodec.decode(W3CHttpResponseCodec.java:50)
	at org.openqa.selenium.remote.HttpCommandExecutor.execute(HttpCommandExecutor.java:190)
	at org.openqa.selenium.remote.service.DriverCommandExecutor.invokeExecute(DriverCommandExecutor.java:216)
	at org.openqa.selenium.remote.service.DriverCommandExecutor.execute(DriverCommandExecutor.java:174)
	at org.openqa.selenium.remote.RemoteWebDriver.execute(RemoteWebDriver.java:545)
	at org.openqa.selenium.remote.RemoteWebElement.execute(RemoteWebElement.java:223)
	at org.openqa.selenium.remote.RemoteWebElement.click(RemoteWebElement.java:76)
	at java.base/jdk.internal.reflect.DirectMethodHandleAccessor.invoke(DirectMethodHandleAccessor.java:103)
	at java.base/java.lang.reflect.Method.invoke(Method.java:580)
	at org.openqa.selenium.support.pagefactory.internal.LocatingElementHandler.invoke(LocatingElementHandler.java:51)
	at jdk.proxy2/jdk.proxy2.$Proxy21.click(Unknown Source)
	at com.iris22a.pages.HomePage.clickOnCasualShirts(HomePage.java:61)
	at com.iris22a.ProductTest.verifyItemCountOfCasualShirts(ProductTest.java:70)
	at java.base/jdk.internal.reflect.DirectMethodHandleAccessor.invoke(DirectMethodHandleAccessor.java:103)
	at java.base/java.lang.reflect.Method.invoke(Method.java:580)
	at org.testng.internal.invokers.MethodInvocationHelper.invokeMethod(MethodInvocationHelper.java:141)
	at org.testng.internal.invokers.TestInvoker.invokeMethod(TestInvoker.java:686)
	at org.testng.internal.invokers.TestInvoker.invokeTestMethod(TestInvoker.java:230)
	at org.testng.internal.invokers.MethodRunner.runInSequence(MethodRunner.java:63)
	at org.testng.internal.invokers.TestInvoker$MethodInvocationAgent.invoke(TestInvoker.java:992)
	at org.testng.internal.invokers.TestInvoker.invokeTestMethods(TestInvoker.java:203)
	at org.testng.internal.invokers.TestMethodWorker.invokeTestMethods(TestMethodWorker.java:154)
	at org.testng.internal.invokers.TestMethodWorker.run(TestMethodWorker.java:134)
	at java.base/java.util.ArrayList.forEach(ArrayList.java:1597)
	at org.testng.TestRunner.privateRun(TestRunner.java:739)
	at org.testng.TestRunner.run(TestRunner.java:614)
	at org.testng.SuiteRunner.runTest(SuiteRunner.java:421)
	at org.testng.SuiteRunner.runSequentially(SuiteRunner.java:413)
	at org.testng.SuiteRunner.privateRun(SuiteRunner.java:373)
	at org.testng.SuiteRunner.run(SuiteRunner.java:312)
	at org.testng.SuiteRunnerWorker.runSuite(SuiteRunnerWorker.java:52)
	at org.testng.SuiteRunnerWorker.run(SuiteRunnerWorker.java:95)
	at org.testng.TestNG.runSuitesSequentially(TestNG.java:1274)
	at org.testng.TestNG.runSuitesLocally(TestNG.java:1208)
	at org.testng.TestNG.runSuites(TestNG.java:1112)
	at org.testng.TestNG.run(TestNG.java:1079)
	at org.apache.maven.surefire.testng.TestNGExecutor.run(TestNGExecutor.java:135)
	at org.apache.maven.surefire.testng.TestNGDirectoryTestSuite.executeMulti(TestNGDirectoryTestSuite.java:193)
	at org.apache.maven.surefire.testng.TestNGDirectoryTestSuite.execute(TestNGDirectoryTestSuite.java:94)
	at org.apache.maven.surefire.testng.TestNGProvider.invoke(TestNGProvider.java:146)
	at org.apache.maven.surefire.booter.ForkedBooter.invokeProviderInSameClassLoader(ForkedBooter.java:383)
	at org.apache.maven.surefire.booter.ForkedBooter.runSuitesInProcess(ForkedBooter.java:344)
	at org.apache.maven.surefire.booter.ForkedBooter.execute(ForkedBooter.java:125)
	at org.apache.maven.surefire.booter.ForkedBooter.main(ForkedBooter.java:417)
</pre></div></td>
<td>2</td>
<td>com.iris22a.ProductTest@36916eb0</td></tr>
<tr>
<td title='com.runner.RunnerTest.runScenario()'><b>runScenario</b><br>Test class: com.runner.RunnerTest<br>Test method: Runs Cucumber Scenarios<br>Parameters: "Verify search result for polo men.", "This file contains the test cases of products."</td>
<td><div><pre>java.lang.AssertionError: Product title doesn&apos;t contain polo: Super Combed Cotton T-Shirt expected [true] but found [false]
	at com.iris22a.stepdefinition.ProductsSteps.getSearchResult(ProductsSteps.java:46)
	at ✽.All result should be related to polo.(file:///C:/Users/poonam/eclipse-workspace/iris22a/src/test/resources/Features/products.feature:7)
... Removed 3 stack frames</pre></div><a href='#' onClick='toggleBox("stack-trace877183419", this, "Click to show all stack frames", "Click to hide stack frames")'>Click to show all stack frames</a>
<div class='stack-trace' id='stack-trace877183419'><pre>java.lang.AssertionError: Product title doesn&apos;t contain polo: Super Combed Cotton T-Shirt expected [true] but found [false]
	at org.testng.Assert.fail(Assert.java:111)
	at org.testng.Assert.failNotEquals(Assert.java:1578)
	at org.testng.Assert.assertTrue(Assert.java:57)
	at com.iris22a.stepdefinition.ProductsSteps.getSearchResult(ProductsSteps.java:46)
	at ✽.All result should be related to polo.(file:///C:/Users/poonam/eclipse-workspace/iris22a/src/test/resources/Features/products.feature:7)
</pre></div></td>
<td>5</td>
<td>com.runner.RunnerTest@6221a451</td></tr>
<tr>
<td title='com.runner.RunnerTest.runScenario()'><b>runScenario</b><br>Test class: com.runner.RunnerTest<br>Test method: Runs Cucumber Scenarios<br>Parameters: "Verify search result for polo men.", "This file contains the test cases of products."</td>
<td><div><pre>java.lang.AssertionError: Product title doesn&apos;t contain polo: Super Combed Cotton T-Shirt expected [true] but found [false]
	at com.iris22a.stepdefinition.ProductsSteps.getSearchResult(ProductsSteps.java:46)
	at ✽.All result should be related to polo.(file:///C:/Users/poonam/eclipse-workspace/iris22a/src/test/resources/Features/products.feature:30)
... Removed 3 stack frames</pre></div><a href='#' onClick='toggleBox("stack-trace1344292213", this, "Click to show all stack frames", "Click to hide stack frames")'>Click to show all stack frames</a>
<div class='stack-trace' id='stack-trace1344292213'><pre>java.lang.AssertionError: Product title doesn&apos;t contain polo: Super Combed Cotton T-Shirt expected [true] but found [false]
	at org.testng.Assert.fail(Assert.java:111)
	at org.testng.Assert.failNotEquals(Assert.java:1578)
	at org.testng.Assert.assertTrue(Assert.java:57)
	at com.iris22a.stepdefinition.ProductsSteps.getSearchResult(ProductsSteps.java:46)
	at ✽.All result should be related to polo.(file:///C:/Users/poonam/eclipse-workspace/iris22a/src/test/resources/Features/products.feature:30)
</pre></div></td>
<td>8</td>
<td>com.runner.RunnerTest@6221a451</td></tr>
<tr>
<td title='com.runner.RunnerTest.runScenario()'><b>runScenario</b><br>Test class: com.runner.RunnerTest<br>Test method: Runs Cucumber Scenarios<br>Parameters: "Verify search result for polo men.", "This file contains the test cases of products."</td>
<td><div><pre>java.lang.AssertionError: Product title doesn&apos;t contain polo: Super Combed Cotton T-Shirt expected [true] but found [false]
	at com.iris22a.stepdefinition.ProductsSteps.getSearchResult(ProductsSteps.java:46)
	at ✽.All result should be related to polo.(file:///C:/Users/poonam/eclipse-workspace/iris22a/src/test/resources/Features/Sample.feature:7)
... Removed 3 stack frames</pre></div><a href='#' onClick='toggleBox("stack-trace1045024339", this, "Click to show all stack frames", "Click to hide stack frames")'>Click to show all stack frames</a>
<div class='stack-trace' id='stack-trace1045024339'><pre>java.lang.AssertionError: Product title doesn&apos;t contain polo: Super Combed Cotton T-Shirt expected [true] but found [false]
	at org.testng.Assert.fail(Assert.java:111)
	at org.testng.Assert.failNotEquals(Assert.java:1578)
	at org.testng.Assert.assertTrue(Assert.java:57)
	at com.iris22a.stepdefinition.ProductsSteps.getSearchResult(ProductsSteps.java:46)
	at ✽.All result should be related to polo.(file:///C:/Users/poonam/eclipse-workspace/iris22a/src/test/resources/Features/Sample.feature:7)
</pre></div></td>
<td>7</td>
<td>com.runner.RunnerTest@6221a451</td></tr>
<tr>
<td title='com.runner.RunnerTest.runScenario()'><b>runScenario</b><br>Test class: com.runner.RunnerTest<br>Test method: Runs Cucumber Scenarios<br>Parameters: "Verify if search by popularity yeilds proper result", "This file contains the test cases of products."</td>
<td><div><pre>org.openqa.selenium.ElementNotInteractableException: element not interactable
  (Session info: chrome=129.0.6668.70)
Build info: version: &apos;4.23.1&apos;, revision: &apos;656257d8e9&apos;
System info: os.name: &apos;Windows 11&apos;, os.arch: &apos;amd64&apos;, os.version: &apos;10.0&apos;, java.version: &apos;22.0.2&apos;
Driver info: org.openqa.selenium.chrome.ChromeDriver
Command: [18f5ec4e1d5a2a7830b51270bbdf7c90, clickElement {id=f.8DC0F56DF8AFEB256F3B8D81759E54BE.d.ADE6404E3750F51B30C8908005072DD3.e.40}]
Capabilities {acceptInsecureCerts: false, browserName: chrome, browserVersion: 129.0.6668.70, chrome: {chromedriverVersion: 129.0.6668.70 (df87d5cf12b1..., userDataDir: C:\Users\poonam\AppData\Loc...}, fedcm:accounts: true, goog:chromeOptions: {debuggerAddress: localhost:53594}, networkConnectionEnabled: false, pageLoadStrategy: normal, platformName: windows, proxy: Proxy(), se:cdp: ws://localhost:53594/devtoo..., se:cdpVersion: 129.0.6668.70, setWindowRect: true, strictFileInteractability: false, timeouts: {implicit: 0, pageLoad: 300000, script: 30000}, unhandledPromptBehavior: dismiss and notify, webauthn:extension:credBlob: true, webauthn:extension:largeBlob: true, webauthn:extension:minPinLength: true, webauthn:extension:prf: true, webauthn:virtualAuthenticators: true}
Element: [[ChromeDriver: chrome on windows (18f5ec4e1d5a2a7830b51270bbdf7c90)] -&gt; xpath: //a[@href=&quot;/men-tshirts&quot;]]
Session ID: 18f5ec4e1d5a2a7830b51270bbdf7c90
	at org.openqa.selenium.remote.ErrorCodec.decode(ErrorCodec.java:167)
	at org.openqa.selenium.remote.codec.w3c.W3CHttpResponseCodec.decode(W3CHttpResponseCodec.java:138)
	at org.openqa.selenium.remote.codec.w3c.W3CHttpResponseCodec.decode(W3CHttpResponseCodec.java:50)
	at org.openqa.selenium.remote.HttpCommandExecutor.execute(HttpCommandExecutor.java:190)
	at org.openqa.selenium.remote.service.DriverCommandExecutor.invokeExecute(DriverCommandExecutor.java:216)
	at org.openqa.selenium.remote.service.DriverCommandExecutor.execute(DriverCommandExecutor.java:174)
	at org.openqa.selenium.remote.RemoteWebDriver.execute(RemoteWebDriver.java:545)
	at org.openqa.selenium.remote.RemoteWebElement.execute(RemoteWebElement.java:223)
	at org.openqa.selenium.remote.RemoteWebElement.click(RemoteWebElement.java:76)
	at org.openqa.selenium.support.pagefactory.internal.LocatingElementHandler.invoke(LocatingElementHandler.java:51)
	at jdk.proxy2/jdk.proxy2.$Proxy21.click(Unknown Source)
	at com.iris22a.keywords.UIkeyword.click(UIkeyword.java:180)
	at com.iris22a.pages.HomePage.clickOnMenTshirt(HomePage.java:57)
	at com.iris22a.stepdefinition.ProductsSteps.clickOnMenTshiert(ProductsSteps.java:63)
	at ✽.user click on mens T-shirt(file:///C:/Users/poonam/eclipse-workspace/iris22a/src/test/resources/Features/products.feature:12)
... Removed 5 stack frames</pre></div><a href='#' onClick='toggleBox("stack-trace425694244", this, "Click to show all stack frames", "Click to hide stack frames")'>Click to show all stack frames</a>
<div class='stack-trace' id='stack-trace425694244'><pre>org.openqa.selenium.ElementNotInteractableException: element not interactable
  (Session info: chrome=129.0.6668.70)
Build info: version: &apos;4.23.1&apos;, revision: &apos;656257d8e9&apos;
System info: os.name: &apos;Windows 11&apos;, os.arch: &apos;amd64&apos;, os.version: &apos;10.0&apos;, java.version: &apos;22.0.2&apos;
Driver info: org.openqa.selenium.chrome.ChromeDriver
Command: [18f5ec4e1d5a2a7830b51270bbdf7c90, clickElement {id=f.8DC0F56DF8AFEB256F3B8D81759E54BE.d.ADE6404E3750F51B30C8908005072DD3.e.40}]
Capabilities {acceptInsecureCerts: false, browserName: chrome, browserVersion: 129.0.6668.70, chrome: {chromedriverVersion: 129.0.6668.70 (df87d5cf12b1..., userDataDir: C:\Users\poonam\AppData\Loc...}, fedcm:accounts: true, goog:chromeOptions: {debuggerAddress: localhost:53594}, networkConnectionEnabled: false, pageLoadStrategy: normal, platformName: windows, proxy: Proxy(), se:cdp: ws://localhost:53594/devtoo..., se:cdpVersion: 129.0.6668.70, setWindowRect: true, strictFileInteractability: false, timeouts: {implicit: 0, pageLoad: 300000, script: 30000}, unhandledPromptBehavior: dismiss and notify, webauthn:extension:credBlob: true, webauthn:extension:largeBlob: true, webauthn:extension:minPinLength: true, webauthn:extension:prf: true, webauthn:virtualAuthenticators: true}
Element: [[ChromeDriver: chrome on windows (18f5ec4e1d5a2a7830b51270bbdf7c90)] -&gt; xpath: //a[@href=&quot;/men-tshirts&quot;]]
Session ID: 18f5ec4e1d5a2a7830b51270bbdf7c90
	at java.base/jdk.internal.reflect.DirectConstructorHandleAccessor.newInstance(DirectConstructorHandleAccessor.java:62)
	at java.base/java.lang.reflect.Constructor.newInstanceWithCaller(Constructor.java:502)
	at java.base/java.lang.reflect.Constructor.newInstance(Constructor.java:486)
	at org.openqa.selenium.remote.ErrorCodec.decode(ErrorCodec.java:167)
	at org.openqa.selenium.remote.codec.w3c.W3CHttpResponseCodec.decode(W3CHttpResponseCodec.java:138)
	at org.openqa.selenium.remote.codec.w3c.W3CHttpResponseCodec.decode(W3CHttpResponseCodec.java:50)
	at org.openqa.selenium.remote.HttpCommandExecutor.execute(HttpCommandExecutor.java:190)
	at org.openqa.selenium.remote.service.DriverCommandExecutor.invokeExecute(DriverCommandExecutor.java:216)
	at org.openqa.selenium.remote.service.DriverCommandExecutor.execute(DriverCommandExecutor.java:174)
	at org.openqa.selenium.remote.RemoteWebDriver.execute(RemoteWebDriver.java:545)
	at org.openqa.selenium.remote.RemoteWebElement.execute(RemoteWebElement.java:223)
	at org.openqa.selenium.remote.RemoteWebElement.click(RemoteWebElement.java:76)
	at java.base/jdk.internal.reflect.DirectMethodHandleAccessor.invoke(DirectMethodHandleAccessor.java:103)
	at java.base/java.lang.reflect.Method.invoke(Method.java:580)
	at org.openqa.selenium.support.pagefactory.internal.LocatingElementHandler.invoke(LocatingElementHandler.java:51)
	at jdk.proxy2/jdk.proxy2.$Proxy21.click(Unknown Source)
	at com.iris22a.keywords.UIkeyword.click(UIkeyword.java:180)
	at com.iris22a.pages.HomePage.clickOnMenTshirt(HomePage.java:57)
	at com.iris22a.stepdefinition.ProductsSteps.clickOnMenTshiert(ProductsSteps.java:63)
	at ✽.user click on mens T-shirt(file:///C:/Users/poonam/eclipse-workspace/iris22a/src/test/resources/Features/products.feature:12)
</pre></div></td>
<td>5</td>
<td>com.runner.RunnerTest@6221a451</td></tr>
<tr>
<td title='com.runner.RunnerTest.runScenario()'><b>runScenario</b><br>Test class: com.runner.RunnerTest<br>Test method: Runs Cucumber Scenarios<br>Parameters: "Verify search result for polo men.", "This file contains the test cases of products."</td>
<td><div><pre>java.lang.AssertionError: Product title doesn&apos;t contain polo:  expected [true] but found [false]
	at com.iris22a.stepdefinition.ProductsSteps.getSearchResult(ProductsSteps.java:46)
	at ✽.All result should be related to polo.(file:///C:/Users/poonam/eclipse-workspace/iris22a/src/test/resources/Features/products.feature:18)
... Removed 3 stack frames</pre></div><a href='#' onClick='toggleBox("stack-trace1386556858", this, "Click to show all stack frames", "Click to hide stack frames")'>Click to show all stack frames</a>
<div class='stack-trace' id='stack-trace1386556858'><pre>java.lang.AssertionError: Product title doesn&apos;t contain polo:  expected [true] but found [false]
	at org.testng.Assert.fail(Assert.java:111)
	at org.testng.Assert.failNotEquals(Assert.java:1578)
	at org.testng.Assert.assertTrue(Assert.java:57)
	at com.iris22a.stepdefinition.ProductsSteps.getSearchResult(ProductsSteps.java:46)
	at ✽.All result should be related to polo.(file:///C:/Users/poonam/eclipse-workspace/iris22a/src/test/resources/Features/products.feature:18)
</pre></div></td>
<td>5</td>
<td>com.runner.RunnerTest@6221a451</td></tr>
</table><p>
<table width='100%' border='1' class='invocation-passed'>
<tr><td colspan='4' align='center'><b>PASSED TESTS</b></td></tr>
<tr><td><b>Test method</b></td>
<td><b>Attribute(s)</b></td>
<td width="30%"><b>Exception</b></td>
<td width="10%"><b>Time (seconds)</b></td>
<td><b>Instance</b></td>
</tr>
<tr>
<td title='com.runner.RunnerTest.runScenario()'><b>runScenario</b><br>Test class: com.runner.RunnerTest<br>Test method: Runs Cucumber Scenarios<br>Parameters: "How to parameterised string value", "This feature describes the difference between two numbers"</td>
<td></td>
<td>1</td>
<td>com.runner.RunnerTest@6221a451</td></tr>
<tr>
<td title='com.runner.RunnerTest.runScenario()'><b>runScenario</b><br>Test class: com.runner.RunnerTest<br>Test method: Runs Cucumber Scenarios<br>Parameters: "Verify if search by popularity yeilds proper result", "This file contains the test cases of products."</td>
<td></td>
<td>6</td>
<td>com.runner.RunnerTest@6221a451</td></tr>
<tr>
<td title='com.runner.RunnerTest.runScenario()'><b>runScenario</b><br>Test class: com.runner.RunnerTest<br>Test method: Runs Cucumber Scenarios<br>Parameters: "How to parameterised string value", "This feature describes the difference between two numbers"</td>
<td></td>
<td>1</td>
<td>com.runner.RunnerTest@6221a451</td></tr>
<tr>
<td title='com.runner.RunnerTest.runScenario()'><b>runScenario</b><br>Test class: com.runner.RunnerTest<br>Test method: Runs Cucumber Scenarios<br>Parameters: "Verify if search by popularity yeilds proper result", "This file contains the test cases of products."</td>
<td></td>
<td>7</td>
<td>com.runner.RunnerTest@6221a451</td></tr>
<tr>
<td title='com.iris22a.ProductTest.m4()'><b>m4</b><br>Test class: com.iris22a.ProductTest</td>
<td></td>
<td>0</td>
<td>com.iris22a.ProductTest@36916eb0</td></tr>
<tr>
<td title='com.runner.RunnerTest.runScenario()'><b>runScenario</b><br>Test class: com.runner.RunnerTest<br>Test method: Runs Cucumber Scenarios<br>Parameters: "How to parameterised string value", "This feature describes the difference between two numbers"</td>
<td></td>
<td>1</td>
<td>com.runner.RunnerTest@6221a451</td></tr>
<tr>
<td title='com.runner.RunnerTest.runScenario()'><b>runScenario</b><br>Test class: com.runner.RunnerTest<br>Test method: Runs Cucumber Scenarios<br>Parameters: "How to parameterised string value", "This feature describes the difference between two numbers"</td>
<td></td>
<td>1</td>
<td>com.runner.RunnerTest@6221a451</td></tr>
<tr>
<td title='com.runner.RunnerTest.runScenario()'><b>runScenario</b><br>Test class: com.runner.RunnerTest<br>Test method: Runs Cucumber Scenarios<br>Parameters: "Verify if search by popularity yeilds proper result", "This file contains the test cases of products."</td>
<td></td>
<td>6</td>
<td>com.runner.RunnerTest@6221a451</td></tr>
<tr>
<td title='com.iris22a.ProductTest.m7()'><b>m7</b><br>Test class: com.iris22a.ProductTest</td>
<td></td>
<td>0</td>
<td>com.iris22a.ProductTest@36916eb0</td></tr>
<tr>
<td title='com.iris22a.ProductTest.m3()'><b>m3</b><br>Test class: com.iris22a.ProductTest</td>
<td></td>
<td>0</td>
<td>com.iris22a.ProductTest@36916eb0</td></tr>
<tr>
<td title='com.runner.RunnerTest.runScenario()'><b>runScenario</b><br>Test class: com.runner.RunnerTest<br>Test method: Runs Cucumber Scenarios<br>Parameters: "How to parameterised string value", "This feature describes the difference between two numbers"</td>
<td></td>
<td>1</td>
<td>com.runner.RunnerTest@6221a451</td></tr>
<tr>
<td title='com.iris22a.ProductTest.m10()'><b>m10</b><br>Test class: com.iris22a.ProductTest</td>
<td></td>
<td>0</td>
<td>com.iris22a.ProductTest@36916eb0</td></tr>
<tr>
<td title='com.runner.RunnerTest.runScenario()'><b>runScenario</b><br>Test class: com.runner.RunnerTest<br>Test method: Runs Cucumber Scenarios<br>Parameters: "How to parameterised numeric", "This feature describes the difference between two numbers"</td>
<td></td>
<td>1</td>
<td>com.runner.RunnerTest@6221a451</td></tr>
<tr>
<td title='com.iris22a.ProductTest.verifyCategoryListForTopWears()'><b>verifyCategoryListForTopWears</b><br>Test class: com.iris22a.ProductTest</td>
<td></td>
<td>4</td>
<td>com.iris22a.ProductTest@36916eb0</td></tr>
<tr>
<td title='com.iris22a.ProductTest.m11()'><b>m11</b><br>Test class: com.iris22a.ProductTest</td>
<td></td>
<td>0</td>
<td>com.iris22a.ProductTest@36916eb0</td></tr>
<tr>
<td title='com.iris22a.ProductTest.m9()'><b>m9</b><br>Test class: com.iris22a.ProductTest</td>
<td></td>
<td>0</td>
<td>com.iris22a.ProductTest@36916eb0</td></tr>
<tr>
<td title='com.runner.RunnerTest.runScenario()'><b>runScenario</b><br>Test class: com.runner.RunnerTest<br>Test method: Runs Cucumber Scenarios<br>Parameters: "Verify if search by popularity yeilds proper result", "This file contains the test cases of products."</td>
<td></td>
<td>29</td>
<td>com.runner.RunnerTest@6221a451</td></tr>
<tr>
<td title='com.runner.RunnerTest.runScenario()'><b>runScenario</b><br>Test class: com.runner.RunnerTest<br>Test method: Runs Cucumber Scenarios<br>Parameters: "Verify if search by popularity yeilds proper result", "This file contains the test cases of products."</td>
<td></td>
<td>7</td>
<td>com.runner.RunnerTest@6221a451</td></tr>
<tr>
<td title='com.iris22a.ProductTest.m5()'><b>m5</b><br>Test class: com.iris22a.ProductTest</td>
<td></td>
<td>0</td>
<td>com.iris22a.ProductTest@36916eb0</td></tr>
<tr>
<td title='com.runner.RunnerTest.runScenario()'><b>runScenario</b><br>Test class: com.runner.RunnerTest<br>Test method: Runs Cucumber Scenarios<br>Parameters: "Verify if search by popularity yeilds proper result", "This file contains the test cases of products."</td>
<td></td>
<td>8</td>
<td>com.runner.RunnerTest@6221a451</td></tr>
<tr>
<td title='com.iris22a.ProductTest.m6()'><b>m6</b><br>Test class: com.iris22a.ProductTest</td>
<td></td>
<td>0</td>
<td>com.iris22a.ProductTest@36916eb0</td></tr>
<tr>
<td title='com.runner.RunnerTest.runScenario()'><b>runScenario</b><br>Test class: com.runner.RunnerTest<br>Test method: Runs Cucumber Scenarios<br>Parameters: "How to parameterised floating value", "This feature describes the difference between two numbers"</td>
<td></td>
<td>1</td>
<td>com.runner.RunnerTest@6221a451</td></tr>
<tr>
<td title='com.runner.RunnerTest.runScenario()'><b>runScenario</b><br>Test class: com.runner.RunnerTest<br>Test method: Runs Cucumber Scenarios<br>Parameters: "How to parameterised string value", "This feature describes the difference between two numbers"</td>
<td></td>
<td>1</td>
<td>com.runner.RunnerTest@6221a451</td></tr>
<tr>
<td title='com.iris22a.ProductTest.m12()'><b>m12</b><br>Test class: com.iris22a.ProductTest</td>
<td></td>
<td>0</td>
<td>com.iris22a.ProductTest@36916eb0</td></tr>
<tr>
<td title='com.iris22a.ProductTest.m8()'><b>m8</b><br>Test class: com.iris22a.ProductTest</td>
<td></td>
<td>0</td>
<td>com.iris22a.ProductTest@36916eb0</td></tr>
</table><p>
</body>
</html>