<?xml version="1.0" encoding="UTF-8"?>
<!-- Generated by org.testng.reporters.JUnitXMLReporter -->
<testsuite ignored="0" hostname="LAPTOP-VTUTN60H" failures="2" tests="14" name="demo" time="50.452" errors="0" timestamp="2024-09-30T21:55:20 IST">
  <testcase classname="com.iris22a.MensTshirt" name="verifyIfSearchByPopularityYeildsProperResults" time="5.516"/>
  <testcase classname="com.iris22a.ProductTest" name="m10" time="0.0"/>
  <testcase classname="com.iris22a.ProductTest" name="m11" time="0.0"/>
  <testcase classname="com.iris22a.ProductTest" name="m12" time="0.008"/>
  <testcase classname="com.iris22a.ProductTest" name="m3" time="0.01"/>
  <testcase classname="com.iris22a.ProductTest" name="m4" time="0.001"/>
  <testcase classname="com.iris22a.ProductTest" name="m5" time="0.002"/>
  <testcase classname="com.iris22a.ProductTest" name="m6" time="0.001"/>
  <testcase classname="com.iris22a.ProductTest" name="m7" time="0.001"/>
  <testcase classname="com.iris22a.ProductTest" name="m8" time="0.002"/>
  <testcase classname="com.iris22a.ProductTest" name="m9" time="0.001"/>
  <testcase classname="com.iris22a.ProductTest" name="verifyCategoryListForTopWears" time="8.678"/>
  <testcase classname="com.iris22a.ProductTest" name="verifyItemCountOfCasualShirts" time="11.067">
    <failure type="java.lang.IllegalStateException" message="No match found">
      <![CDATA[java.lang.IllegalStateException: No match found
at java.base/java.util.regex.Matcher.checkMatch(Matcher.java:1850)
at java.base/java.util.regex.Matcher.group(Matcher.java:685)
at java.base/java.util.regex.Matcher.group(Matcher.java:643)
at com.iris22a.pages.CasualShirtsPage.getItemCount(CasualShirtsPage.java:18)
at com.iris22a.ProductTest.verifyItemCountOfCasualShirts(ProductTest.java:71)
at java.base/java.util.ArrayList.forEach(ArrayList.java:1597)
at java.base/java.util.concurrent.FutureTask.run(FutureTask.java:317)
at java.base/java.util.concurrent.ThreadPoolExecutor.runWorker(ThreadPoolExecutor.java:1144)
at java.base/java.util.concurrent.ThreadPoolExecutor$Worker.run(ThreadPoolExecutor.java:642)
at java.base/java.lang.Thread.run(Thread.java:1570)
... Removed 15 stack frames]]>
    </failure>
  </testcase> <!-- verifyItemCountOfCasualShirts -->
  <testcase classname="com.iris22a.ProductTest" name="verifySearchResultForPoloMen" time="7.273">
    <failure type="java.lang.AssertionError" message="Product title doesn&amp;apos;t contain polo: Striped Regular Fit T-shirt expected [true] but found [false]">
      <![CDATA[java.lang.AssertionError: Product title doesn't contain polo: Striped Regular Fit T-shirt expected [true] but found [false]
at com.iris22a.ProductTest.verifySearchResultForPoloMen(ProductTest.java:33)
at java.base/java.util.ArrayList.forEach(ArrayList.java:1597)
at java.base/java.util.concurrent.FutureTask.run(FutureTask.java:317)
at java.base/java.util.concurrent.ThreadPoolExecutor.runWorker(ThreadPoolExecutor.java:1144)
at java.base/java.util.concurrent.ThreadPoolExecutor$Worker.run(ThreadPoolExecutor.java:642)
at java.base/java.lang.Thread.run(Thread.java:1570)
... Removed 18 stack frames]]>
    </failure>
  </testcase> <!-- verifySearchResultForPoloMen -->
</testsuite> <!-- demo -->
