<?xml version="1.0" encoding="UTF-8"?>
<!-- Generated by org.testng.reporters.JUnitXMLReporter -->
<testsuite ignored="0" hostname="LAPTOP-VTUTN60H" failures="4" tests="14" name="Test" time="0.144" errors="0" timestamp="2024-09-30T21:39:55 IST">
  <testcase classname="com.iris22a.MensTshirt" name="verifyIfSearchByPopularityYeildsProperResults" time="0.027">
    <failure type="java.lang.NullPointerException" message="Cannot invoke &amp;quot;org.openqa.selenium.remote.RemoteWebDriver.get(String)&amp;quot; because the return value of &amp;quot;java.lang.ThreadLocal.get()&amp;quot; is null">
      <![CDATA[java.lang.NullPointerException: Cannot invoke "org.openqa.selenium.remote.RemoteWebDriver.get(String)" because the return value of "java.lang.ThreadLocal.get()" is null
at com.iris22a.keywords.UIkeyword.launchUrl(UIkeyword.java:45)
at com.iris22a.MensTshirt.verifyIfSearchByPopularityYeildsProperResults(MensTshirt.java:20)
at java.base/java.util.ArrayList.forEach(ArrayList.java:1597)
... Removed 25 stack frames]]>
    </failure>
  </testcase> <!-- verifyIfSearchByPopularityYeildsProperResults -->
  <testcase classname="com.iris22a.ProductTest" name="m10" time="0.001"/>
  <testcase classname="com.iris22a.ProductTest" name="m11" time="0.002"/>
  <testcase classname="com.iris22a.ProductTest" name="m12" time="0.001"/>
  <testcase classname="com.iris22a.ProductTest" name="m3" time="0.001"/>
  <testcase classname="com.iris22a.ProductTest" name="m4" time="0.001"/>
  <testcase classname="com.iris22a.ProductTest" name="m5" time="0.001"/>
  <testcase classname="com.iris22a.ProductTest" name="m6" time="0.003"/>
  <testcase classname="com.iris22a.ProductTest" name="m7" time="0.001"/>
  <testcase classname="com.iris22a.ProductTest" name="m8" time="0.001"/>
  <testcase classname="com.iris22a.ProductTest" name="m9" time="0.002"/>
  <testcase classname="com.iris22a.ProductTest" name="verifyCategoryListForTopWears" time="0.002">
    <failure type="java.lang.NullPointerException" message="Cannot invoke &amp;quot;org.openqa.selenium.remote.RemoteWebDriver.get(String)&amp;quot; because the return value of &amp;quot;java.lang.ThreadLocal.get()&amp;quot; is null">
      <![CDATA[java.lang.NullPointerException: Cannot invoke "org.openqa.selenium.remote.RemoteWebDriver.get(String)" because the return value of "java.lang.ThreadLocal.get()" is null
at com.iris22a.keywords.UIkeyword.launchUrl(UIkeyword.java:45)
at com.iris22a.ProductTest.verifyCategoryListForTopWears(ProductTest.java:50)
at java.base/java.util.ArrayList.forEach(ArrayList.java:1597)
... Removed 25 stack frames]]>
    </failure>
  </testcase> <!-- verifyCategoryListForTopWears -->
  <testcase classname="com.iris22a.ProductTest" name="verifyItemCountOfCasualShirts" time="0.001">
    <failure type="java.lang.NullPointerException" message="Cannot invoke &amp;quot;org.openqa.selenium.remote.RemoteWebDriver.get(String)&amp;quot; because the return value of &amp;quot;java.lang.ThreadLocal.get()&amp;quot; is null">
      <![CDATA[java.lang.NullPointerException: Cannot invoke "org.openqa.selenium.remote.RemoteWebDriver.get(String)" because the return value of "java.lang.ThreadLocal.get()" is null
at com.iris22a.keywords.UIkeyword.launchUrl(UIkeyword.java:45)
at com.iris22a.ProductTest.verifyItemCountOfCasualShirts(ProductTest.java:66)
at java.base/java.util.ArrayList.forEach(ArrayList.java:1597)
... Removed 25 stack frames]]>
    </failure>
  </testcase> <!-- verifyItemCountOfCasualShirts -->
  <testcase classname="com.iris22a.ProductTest" name="verifySearchResultForPoloMen" time="0.002">
    <failure type="java.lang.NullPointerException" message="Cannot invoke &amp;quot;org.openqa.selenium.remote.RemoteWebDriver.get(String)&amp;quot; because the return value of &amp;quot;java.lang.ThreadLocal.get()&amp;quot; is null">
      <![CDATA[java.lang.NullPointerException: Cannot invoke "org.openqa.selenium.remote.RemoteWebDriver.get(String)" because the return value of "java.lang.ThreadLocal.get()" is null
at com.iris22a.keywords.UIkeyword.launchUrl(UIkeyword.java:45)
at com.iris22a.ProductTest.verifySearchResultForPoloMen(ProductTest.java:25)
at java.base/java.util.ArrayList.forEach(ArrayList.java:1597)
... Removed 25 stack frames]]>
    </failure>
  </testcase> <!-- verifySearchResultForPoloMen -->
</testsuite> <!-- Test -->
