<html>
<head>
<title>TestNG:  Test</title>
<link href="../testng.css" rel="stylesheet" type="text/css" />
<link href="../my-testng.css" rel="stylesheet" type="text/css" />

<style type="text/css">
.log { display: none;} 
.stack-trace { display: none;} 
</style>
<script type="text/javascript">
<!--
function flip(e) {
  current = e.style.display;
  if (current == 'block') {
    e.style.display = 'none';
    return 0;
  }
  else {
    e.style.display = 'block';
    return 1;
  }
}

function toggleBox(szDivId, elem, msg1, msg2)
{
  var res = -1;  if (document.getElementById) {
    res = flip(document.getElementById(szDivId));
  }
  else if (document.all) {
    // this is the way old msie versions work
    res = flip(document.all[szDivId]);
  }
  if(elem) {
    if(res == 0) elem.innerHTML = msg1; else elem.innerHTML = msg2;
  }

}

function toggleAllBoxes() {
  if (document.getElementsByTagName) {
    d = document.getElementsByTagName('div');
    for (i = 0; i < d.length; i++) {
      if (d[i].className == 'log') {
        flip(d[i]);
      }
    }
  }
}

// -->
</script>

</head>
<body>
<h2 align='center'>Test</h2><table border='1' align="center">
<tr>
<td>Tests passed/Failed/Skipped:</td><td>10/4/0</td>
</tr><tr>
<td>Started on:</td><td>Mon Sep 30 21:39:55 IST 2024</td>
</tr>
<tr><td>Total time:</td><td>0 seconds (144 ms)</td>
</tr><tr>
<td>Included groups:</td><td></td>
</tr><tr>
<td>Excluded groups:</td><td></td>
</tr>
</table><p/>
<small><i>(Hover the method name to see the test class name)</i></small><p/>
<table width='100%' border='1' class='invocation-failed'>
<tr><td colspan='4' align='center'><b>FAILED TESTS</b></td></tr>
<tr><td><b>Test method</b></td>
<td><b>Attribute(s)</b></td>
<td width="30%"><b>Exception</b></td>
<td width="10%"><b>Time (seconds)</b></td>
<td><b>Instance</b></td>
</tr>
<tr>
<td title='com.iris22a.MensTshirt.verifyIfSearchByPopularityYeildsProperResults()'><b>verifyIfSearchByPopularityYeildsProperResults</b><br>Test class: com.iris22a.MensTshirt</td>
<td><div><pre>java.lang.NullPointerException: Cannot invoke &quot;org.openqa.selenium.remote.RemoteWebDriver.get(String)&quot; because the return value of &quot;java.lang.ThreadLocal.get()&quot; is null
	at com.iris22a.keywords.UIkeyword.launchUrl(UIkeyword.java:45)
	at com.iris22a.MensTshirt.verifyIfSearchByPopularityYeildsProperResults(MensTshirt.java:20)
	at java.base/java.util.ArrayList.forEach(ArrayList.java:1597)
... Removed 25 stack frames</pre></div><a href='#' onClick='toggleBox("stack-trace2087785333", this, "Click to show all stack frames", "Click to hide stack frames")'>Click to show all stack frames</a>
<div class='stack-trace' id='stack-trace2087785333'><pre>java.lang.NullPointerException: Cannot invoke &quot;org.openqa.selenium.remote.RemoteWebDriver.get(String)&quot; because the return value of &quot;java.lang.ThreadLocal.get()&quot; is null
	at com.iris22a.keywords.UIkeyword.launchUrl(UIkeyword.java:45)
	at com.iris22a.MensTshirt.verifyIfSearchByPopularityYeildsProperResults(MensTshirt.java:20)
	at java.base/jdk.internal.reflect.DirectMethodHandleAccessor.invoke(DirectMethodHandleAccessor.java:103)
	at java.base/java.lang.reflect.Method.invoke(Method.java:580)
	at org.testng.internal.invokers.MethodInvocationHelper.invokeMethod(MethodInvocationHelper.java:141)
	at org.testng.internal.invokers.TestInvoker.invokeMethod(TestInvoker.java:686)
	at org.testng.internal.invokers.TestInvoker.invokeTestMethod(TestInvoker.java:230)
	at org.testng.internal.invokers.MethodRunner.runInSequence(MethodRunner.java:63)
	at org.testng.internal.invokers.TestInvoker$MethodInvocationAgent.invoke(TestInvoker.java:992)
	at org.testng.internal.invokers.TestInvoker.invokeTestMethods(TestInvoker.java:203)
	at org.testng.internal.invokers.TestMethodWorker.invokeTestMethods(TestMethodWorker.java:154)
	at org.testng.internal.invokers.TestMethodWorker.run(TestMethodWorker.java:134)
	at java.base/java.util.ArrayList.forEach(ArrayList.java:1597)
	at org.testng.TestRunner.privateRun(TestRunner.java:739)
	at org.testng.TestRunner.run(TestRunner.java:614)
	at org.testng.SuiteRunner.runTest(SuiteRunner.java:421)
	at org.testng.SuiteRunner.runSequentially(SuiteRunner.java:413)
	at org.testng.SuiteRunner.privateRun(SuiteRunner.java:373)
	at org.testng.SuiteRunner.run(SuiteRunner.java:312)
	at org.testng.SuiteRunnerWorker.runSuite(SuiteRunnerWorker.java:52)
	at org.testng.SuiteRunnerWorker.run(SuiteRunnerWorker.java:95)
	at org.testng.TestNG.runSuitesSequentially(TestNG.java:1274)
	at org.testng.TestNG.runSuitesLocally(TestNG.java:1208)
	at org.testng.TestNG.runSuites(TestNG.java:1112)
	at org.testng.TestNG.run(TestNG.java:1079)
	at org.testng.remote.AbstractRemoteTestNG.run(AbstractRemoteTestNG.java:115)
	at org.testng.remote.RemoteTestNG.initAndRun(RemoteTestNG.java:293)
	at org.testng.remote.RemoteTestNG.main(RemoteTestNG.java:91)
</pre></div></td>
<td>0</td>
<td>com.iris22a.MensTshirt@6989da5e</td></tr>
<tr>
<td title='com.iris22a.ProductTest.verifyItemCountOfCasualShirts()'><b>verifyItemCountOfCasualShirts</b><br>Test class: com.iris22a.ProductTest</td>
<td><div><pre>java.lang.NullPointerException: Cannot invoke &quot;org.openqa.selenium.remote.RemoteWebDriver.get(String)&quot; because the return value of &quot;java.lang.ThreadLocal.get()&quot; is null
	at com.iris22a.keywords.UIkeyword.launchUrl(UIkeyword.java:45)
	at com.iris22a.ProductTest.verifyItemCountOfCasualShirts(ProductTest.java:66)
	at java.base/java.util.ArrayList.forEach(ArrayList.java:1597)
... Removed 25 stack frames</pre></div><a href='#' onClick='toggleBox("stack-trace844112759", this, "Click to show all stack frames", "Click to hide stack frames")'>Click to show all stack frames</a>
<div class='stack-trace' id='stack-trace844112759'><pre>java.lang.NullPointerException: Cannot invoke &quot;org.openqa.selenium.remote.RemoteWebDriver.get(String)&quot; because the return value of &quot;java.lang.ThreadLocal.get()&quot; is null
	at com.iris22a.keywords.UIkeyword.launchUrl(UIkeyword.java:45)
	at com.iris22a.ProductTest.verifyItemCountOfCasualShirts(ProductTest.java:66)
	at java.base/jdk.internal.reflect.DirectMethodHandleAccessor.invoke(DirectMethodHandleAccessor.java:103)
	at java.base/java.lang.reflect.Method.invoke(Method.java:580)
	at org.testng.internal.invokers.MethodInvocationHelper.invokeMethod(MethodInvocationHelper.java:141)
	at org.testng.internal.invokers.TestInvoker.invokeMethod(TestInvoker.java:686)
	at org.testng.internal.invokers.TestInvoker.invokeTestMethod(TestInvoker.java:230)
	at org.testng.internal.invokers.MethodRunner.runInSequence(MethodRunner.java:63)
	at org.testng.internal.invokers.TestInvoker$MethodInvocationAgent.invoke(TestInvoker.java:992)
	at org.testng.internal.invokers.TestInvoker.invokeTestMethods(TestInvoker.java:203)
	at org.testng.internal.invokers.TestMethodWorker.invokeTestMethods(TestMethodWorker.java:154)
	at org.testng.internal.invokers.TestMethodWorker.run(TestMethodWorker.java:134)
	at java.base/java.util.ArrayList.forEach(ArrayList.java:1597)
	at org.testng.TestRunner.privateRun(TestRunner.java:739)
	at org.testng.TestRunner.run(TestRunner.java:614)
	at org.testng.SuiteRunner.runTest(SuiteRunner.java:421)
	at org.testng.SuiteRunner.runSequentially(SuiteRunner.java:413)
	at org.testng.SuiteRunner.privateRun(SuiteRunner.java:373)
	at org.testng.SuiteRunner.run(SuiteRunner.java:312)
	at org.testng.SuiteRunnerWorker.runSuite(SuiteRunnerWorker.java:52)
	at org.testng.SuiteRunnerWorker.run(SuiteRunnerWorker.java:95)
	at org.testng.TestNG.runSuitesSequentially(TestNG.java:1274)
	at org.testng.TestNG.runSuitesLocally(TestNG.java:1208)
	at org.testng.TestNG.runSuites(TestNG.java:1112)
	at org.testng.TestNG.run(TestNG.java:1079)
	at org.testng.remote.AbstractRemoteTestNG.run(AbstractRemoteTestNG.java:115)
	at org.testng.remote.RemoteTestNG.initAndRun(RemoteTestNG.java:293)
	at org.testng.remote.RemoteTestNG.main(RemoteTestNG.java:91)
</pre></div></td>
<td>0</td>
<td>com.iris22a.ProductTest@662ac478</td></tr>
<tr>
<td title='com.iris22a.ProductTest.verifyCategoryListForTopWears()'><b>verifyCategoryListForTopWears</b><br>Test class: com.iris22a.ProductTest</td>
<td><div><pre>java.lang.NullPointerException: Cannot invoke &quot;org.openqa.selenium.remote.RemoteWebDriver.get(String)&quot; because the return value of &quot;java.lang.ThreadLocal.get()&quot; is null
	at com.iris22a.keywords.UIkeyword.launchUrl(UIkeyword.java:45)
	at com.iris22a.ProductTest.verifyCategoryListForTopWears(ProductTest.java:50)
	at java.base/java.util.ArrayList.forEach(ArrayList.java:1597)
... Removed 25 stack frames</pre></div><a href='#' onClick='toggleBox("stack-trace838473569", this, "Click to show all stack frames", "Click to hide stack frames")'>Click to show all stack frames</a>
<div class='stack-trace' id='stack-trace838473569'><pre>java.lang.NullPointerException: Cannot invoke &quot;org.openqa.selenium.remote.RemoteWebDriver.get(String)&quot; because the return value of &quot;java.lang.ThreadLocal.get()&quot; is null
	at com.iris22a.keywords.UIkeyword.launchUrl(UIkeyword.java:45)
	at com.iris22a.ProductTest.verifyCategoryListForTopWears(ProductTest.java:50)
	at java.base/jdk.internal.reflect.DirectMethodHandleAccessor.invoke(DirectMethodHandleAccessor.java:103)
	at java.base/java.lang.reflect.Method.invoke(Method.java:580)
	at org.testng.internal.invokers.MethodInvocationHelper.invokeMethod(MethodInvocationHelper.java:141)
	at org.testng.internal.invokers.TestInvoker.invokeMethod(TestInvoker.java:686)
	at org.testng.internal.invokers.TestInvoker.invokeTestMethod(TestInvoker.java:230)
	at org.testng.internal.invokers.MethodRunner.runInSequence(MethodRunner.java:63)
	at org.testng.internal.invokers.TestInvoker$MethodInvocationAgent.invoke(TestInvoker.java:992)
	at org.testng.internal.invokers.TestInvoker.invokeTestMethods(TestInvoker.java:203)
	at org.testng.internal.invokers.TestMethodWorker.invokeTestMethods(TestMethodWorker.java:154)
	at org.testng.internal.invokers.TestMethodWorker.run(TestMethodWorker.java:134)
	at java.base/java.util.ArrayList.forEach(ArrayList.java:1597)
	at org.testng.TestRunner.privateRun(TestRunner.java:739)
	at org.testng.TestRunner.run(TestRunner.java:614)
	at org.testng.SuiteRunner.runTest(SuiteRunner.java:421)
	at org.testng.SuiteRunner.runSequentially(SuiteRunner.java:413)
	at org.testng.SuiteRunner.privateRun(SuiteRunner.java:373)
	at org.testng.SuiteRunner.run(SuiteRunner.java:312)
	at org.testng.SuiteRunnerWorker.runSuite(SuiteRunnerWorker.java:52)
	at org.testng.SuiteRunnerWorker.run(SuiteRunnerWorker.java:95)
	at org.testng.TestNG.runSuitesSequentially(TestNG.java:1274)
	at org.testng.TestNG.runSuitesLocally(TestNG.java:1208)
	at org.testng.TestNG.runSuites(TestNG.java:1112)
	at org.testng.TestNG.run(TestNG.java:1079)
	at org.testng.remote.AbstractRemoteTestNG.run(AbstractRemoteTestNG.java:115)
	at org.testng.remote.RemoteTestNG.initAndRun(RemoteTestNG.java:293)
	at org.testng.remote.RemoteTestNG.main(RemoteTestNG.java:91)
</pre></div></td>
<td>0</td>
<td>com.iris22a.ProductTest@662ac478</td></tr>
<tr>
<td title='com.iris22a.ProductTest.verifySearchResultForPoloMen()'><b>verifySearchResultForPoloMen</b><br>Test class: com.iris22a.ProductTest</td>
<td><div><pre>java.lang.NullPointerException: Cannot invoke &quot;org.openqa.selenium.remote.RemoteWebDriver.get(String)&quot; because the return value of &quot;java.lang.ThreadLocal.get()&quot; is null
	at com.iris22a.keywords.UIkeyword.launchUrl(UIkeyword.java:45)
	at com.iris22a.ProductTest.verifySearchResultForPoloMen(ProductTest.java:25)
	at java.base/java.util.ArrayList.forEach(ArrayList.java:1597)
... Removed 25 stack frames</pre></div><a href='#' onClick='toggleBox("stack-trace1304117943", this, "Click to show all stack frames", "Click to hide stack frames")'>Click to show all stack frames</a>
<div class='stack-trace' id='stack-trace1304117943'><pre>java.lang.NullPointerException: Cannot invoke &quot;org.openqa.selenium.remote.RemoteWebDriver.get(String)&quot; because the return value of &quot;java.lang.ThreadLocal.get()&quot; is null
	at com.iris22a.keywords.UIkeyword.launchUrl(UIkeyword.java:45)
	at com.iris22a.ProductTest.verifySearchResultForPoloMen(ProductTest.java:25)
	at java.base/jdk.internal.reflect.DirectMethodHandleAccessor.invoke(DirectMethodHandleAccessor.java:103)
	at java.base/java.lang.reflect.Method.invoke(Method.java:580)
	at org.testng.internal.invokers.MethodInvocationHelper.invokeMethod(MethodInvocationHelper.java:141)
	at org.testng.internal.invokers.TestInvoker.invokeMethod(TestInvoker.java:686)
	at org.testng.internal.invokers.TestInvoker.invokeTestMethod(TestInvoker.java:230)
	at org.testng.internal.invokers.MethodRunner.runInSequence(MethodRunner.java:63)
	at org.testng.internal.invokers.TestInvoker$MethodInvocationAgent.invoke(TestInvoker.java:992)
	at org.testng.internal.invokers.TestInvoker.invokeTestMethods(TestInvoker.java:203)
	at org.testng.internal.invokers.TestMethodWorker.invokeTestMethods(TestMethodWorker.java:154)
	at org.testng.internal.invokers.TestMethodWorker.run(TestMethodWorker.java:134)
	at java.base/java.util.ArrayList.forEach(ArrayList.java:1597)
	at org.testng.TestRunner.privateRun(TestRunner.java:739)
	at org.testng.TestRunner.run(TestRunner.java:614)
	at org.testng.SuiteRunner.runTest(SuiteRunner.java:421)
	at org.testng.SuiteRunner.runSequentially(SuiteRunner.java:413)
	at org.testng.SuiteRunner.privateRun(SuiteRunner.java:373)
	at org.testng.SuiteRunner.run(SuiteRunner.java:312)
	at org.testng.SuiteRunnerWorker.runSuite(SuiteRunnerWorker.java:52)
	at org.testng.SuiteRunnerWorker.run(SuiteRunnerWorker.java:95)
	at org.testng.TestNG.runSuitesSequentially(TestNG.java:1274)
	at org.testng.TestNG.runSuitesLocally(TestNG.java:1208)
	at org.testng.TestNG.runSuites(TestNG.java:1112)
	at org.testng.TestNG.run(TestNG.java:1079)
	at org.testng.remote.AbstractRemoteTestNG.run(AbstractRemoteTestNG.java:115)
	at org.testng.remote.RemoteTestNG.initAndRun(RemoteTestNG.java:293)
	at org.testng.remote.RemoteTestNG.main(RemoteTestNG.java:91)
</pre></div></td>
<td>0</td>
<td>com.iris22a.ProductTest@662ac478</td></tr>
</table><p>
<table width='100%' border='1' class='invocation-passed'>
<tr><td colspan='4' align='center'><b>PASSED TESTS</b></td></tr>
<tr><td><b>Test method</b></td>
<td><b>Attribute(s)</b></td>
<td width="30%"><b>Exception</b></td>
<td width="10%"><b>Time (seconds)</b></td>
<td><b>Instance</b></td>
</tr>
<tr>
<td title='com.iris22a.ProductTest.m10()'><b>m10</b><br>Test class: com.iris22a.ProductTest</td>
<td></td>
<td>0</td>
<td>com.iris22a.ProductTest@662ac478</td></tr>
<tr>
<td title='com.iris22a.ProductTest.m3()'><b>m3</b><br>Test class: com.iris22a.ProductTest</td>
<td></td>
<td>0</td>
<td>com.iris22a.ProductTest@662ac478</td></tr>
<tr>
<td title='com.iris22a.ProductTest.m4()'><b>m4</b><br>Test class: com.iris22a.ProductTest</td>
<td></td>
<td>0</td>
<td>com.iris22a.ProductTest@662ac478</td></tr>
<tr>
<td title='com.iris22a.ProductTest.m5()'><b>m5</b><br>Test class: com.iris22a.ProductTest</td>
<td></td>
<td>0</td>
<td>com.iris22a.ProductTest@662ac478</td></tr>
<tr>
<td title='com.iris22a.ProductTest.m12()'><b>m12</b><br>Test class: com.iris22a.ProductTest</td>
<td></td>
<td>0</td>
<td>com.iris22a.ProductTest@662ac478</td></tr>
<tr>
<td title='com.iris22a.ProductTest.m8()'><b>m8</b><br>Test class: com.iris22a.ProductTest</td>
<td></td>
<td>0</td>
<td>com.iris22a.ProductTest@662ac478</td></tr>
<tr>
<td title='com.iris22a.ProductTest.m11()'><b>m11</b><br>Test class: com.iris22a.ProductTest</td>
<td></td>
<td>0</td>
<td>com.iris22a.ProductTest@662ac478</td></tr>
<tr>
<td title='com.iris22a.ProductTest.m7()'><b>m7</b><br>Test class: com.iris22a.ProductTest</td>
<td></td>
<td>0</td>
<td>com.iris22a.ProductTest@662ac478</td></tr>
<tr>
<td title='com.iris22a.ProductTest.m9()'><b>m9</b><br>Test class: com.iris22a.ProductTest</td>
<td></td>
<td>0</td>
<td>com.iris22a.ProductTest@662ac478</td></tr>
<tr>
<td title='com.iris22a.ProductTest.m6()'><b>m6</b><br>Test class: com.iris22a.ProductTest</td>
<td></td>
<td>0</td>
<td>com.iris22a.ProductTest@662ac478</td></tr>
</table><p>
</body>
</html>