<?xml version="1.0" encoding="UTF-8"?>
<testsuite xmlns:xsi="http://www.w3.org/2001/XMLSchema-instance" xsi:noNamespaceSchemaLocation="https://maven.apache.org/surefire/maven-surefire-plugin/xsd/surefire-test-report.xsd" name="TestSuite" time="60.604" tests="37" errors="0" skipped="0" failures="12">
  <properties>
    <property name="java.specification.version" value="22"/>
    <property name="sun.cpu.isalist" value="amd64"/>
    <property name="sun.jnu.encoding" value="Cp1252"/>
    <property name="java.class.path" value="C:\Users\poonam\eclipse-workspace\iris22a\target\test-classes;C:\Users\poonam\eclipse-workspace\iris22a\target\classes;C:\Users\poonam\.m2\repository\org\seleniumhq\selenium\selenium-java\4.23.1\selenium-java-4.23.1.jar;C:\Users\poonam\.m2\repository\org\seleniumhq\selenium\selenium-api\4.23.1\selenium-api-4.23.1.jar;C:\Users\poonam\.m2\repository\org\seleniumhq\selenium\selenium-chrome-driver\4.23.1\selenium-chrome-driver-4.23.1.jar;C:\Users\poonam\.m2\repository\com\google\auto\service\auto-service-annotations\1.1.1\auto-service-annotations-1.1.1.jar;C:\Users\poonam\.m2\repository\org\seleniumhq\selenium\selenium-chromium-driver\4.23.1\selenium-chromium-driver-4.23.1.jar;C:\Users\poonam\.m2\repository\org\seleniumhq\selenium\selenium-json\4.23.1\selenium-json-4.23.1.jar;C:\Users\poonam\.m2\repository\org\seleniumhq\selenium\selenium-manager\4.23.1\selenium-manager-4.23.1.jar;C:\Users\poonam\.m2\repository\org\seleniumhq\selenium\selenium-devtools-v125\4.23.1\selenium-devtools-v125-4.23.1.jar;C:\Users\poonam\.m2\repository\org\seleniumhq\selenium\selenium-devtools-v126\4.23.1\selenium-devtools-v126-4.23.1.jar;C:\Users\poonam\.m2\repository\org\seleniumhq\selenium\selenium-devtools-v127\4.23.1\selenium-devtools-v127-4.23.1.jar;C:\Users\poonam\.m2\repository\org\seleniumhq\selenium\selenium-devtools-v85\4.23.1\selenium-devtools-v85-4.23.1.jar;C:\Users\poonam\.m2\repository\org\seleniumhq\selenium\selenium-edge-driver\4.23.1\selenium-edge-driver-4.23.1.jar;C:\Users\poonam\.m2\repository\org\seleniumhq\selenium\selenium-firefox-driver\4.23.1\selenium-firefox-driver-4.23.1.jar;C:\Users\poonam\.m2\repository\org\seleniumhq\selenium\selenium-http\4.23.1\selenium-http-4.23.1.jar;C:\Users\poonam\.m2\repository\dev\failsafe\failsafe\3.3.2\failsafe-3.3.2.jar;C:\Users\poonam\.m2\repository\org\seleniumhq\selenium\selenium-ie-driver\4.23.1\selenium-ie-driver-4.23.1.jar;C:\Users\poonam\.m2\repository\org\seleniumhq\selenium\selenium-remote-driver\4.23.1\selenium-remote-driver-4.23.1.jar;C:\Users\poonam\.m2\repository\com\google\guava\guava\33.2.1-jre\guava-33.2.1-jre.jar;C:\Users\poonam\.m2\repository\com\google\guava\failureaccess\1.0.2\failureaccess-1.0.2.jar;C:\Users\poonam\.m2\repository\com\google\guava\listenablefuture\9999.0-empty-to-avoid-conflict-with-guava\listenablefuture-9999.0-empty-to-avoid-conflict-with-guava.jar;C:\Users\poonam\.m2\repository\com\google\code\findbugs\jsr305\3.0.2\jsr305-3.0.2.jar;C:\Users\poonam\.m2\repository\org\checkerframework\checker-qual\3.42.0\checker-qual-3.42.0.jar;C:\Users\poonam\.m2\repository\com\google\errorprone\error_prone_annotations\2.26.1\error_prone_annotations-2.26.1.jar;C:\Users\poonam\.m2\repository\com\google\j2objc\j2objc-annotations\3.0.0\j2objc-annotations-3.0.0.jar;C:\Users\poonam\.m2\repository\io\opentelemetry\semconv\opentelemetry-semconv\1.25.0-alpha\opentelemetry-semconv-1.25.0-alpha.jar;C:\Users\poonam\.m2\repository\io\opentelemetry\opentelemetry-api\1.40.0\opentelemetry-api-1.40.0.jar;C:\Users\poonam\.m2\repository\io\opentelemetry\opentelemetry-context\1.40.0\opentelemetry-context-1.40.0.jar;C:\Users\poonam\.m2\repository\io\opentelemetry\opentelemetry-exporter-logging\1.40.0\opentelemetry-exporter-logging-1.40.0.jar;C:\Users\poonam\.m2\repository\io\opentelemetry\opentelemetry-sdk-common\1.40.0\opentelemetry-sdk-common-1.40.0.jar;C:\Users\poonam\.m2\repository\io\opentelemetry\opentelemetry-sdk-extension-autoconfigure-spi\1.40.0\opentelemetry-sdk-extension-autoconfigure-spi-1.40.0.jar;C:\Users\poonam\.m2\repository\io\opentelemetry\opentelemetry-sdk-extension-autoconfigure\1.40.0\opentelemetry-sdk-extension-autoconfigure-1.40.0.jar;C:\Users\poonam\.m2\repository\io\opentelemetry\opentelemetry-api-incubator\1.40.0-alpha\opentelemetry-api-incubator-1.40.0-alpha.jar;C:\Users\poonam\.m2\repository\io\opentelemetry\opentelemetry-sdk-trace\1.40.0\opentelemetry-sdk-trace-1.40.0.jar;C:\Users\poonam\.m2\repository\io\opentelemetry\opentelemetry-sdk\1.40.0\opentelemetry-sdk-1.40.0.jar;C:\Users\poonam\.m2\repository\io\opentelemetry\opentelemetry-sdk-metrics\1.40.0\opentelemetry-sdk-metrics-1.40.0.jar;C:\Users\poonam\.m2\repository\io\opentelemetry\opentelemetry-sdk-logs\1.40.0\opentelemetry-sdk-logs-1.40.0.jar;C:\Users\poonam\.m2\repository\net\bytebuddy\byte-buddy\1.14.18\byte-buddy-1.14.18.jar;C:\Users\poonam\.m2\repository\org\seleniumhq\selenium\selenium-os\4.23.1\selenium-os-4.23.1.jar;C:\Users\poonam\.m2\repository\org\apache\commons\commons-exec\1.4.0\commons-exec-1.4.0.jar;C:\Users\poonam\.m2\repository\org\seleniumhq\selenium\selenium-safari-driver\4.23.1\selenium-safari-driver-4.23.1.jar;C:\Users\poonam\.m2\repository\org\seleniumhq\selenium\selenium-support\4.23.1\selenium-support-4.23.1.jar;C:\Users\poonam\.m2\repository\org\testng\testng\7.10.2\testng-7.10.2.jar;C:\Users\poonam\.m2\repository\org\slf4j\slf4j-api\1.7.36\slf4j-api-1.7.36.jar;C:\Users\poonam\.m2\repository\com\beust\jcommander\1.82\jcommander-1.82.jar;C:\Users\poonam\.m2\repository\org\webjars\jquery\3.7.1\jquery-3.7.1.jar;C:\Users\poonam\.m2\repository\ru\yandex\qatools\ashot\ashot\1.5.4\ashot-1.5.4.jar;C:\Users\poonam\.m2\repository\commons-io\commons-io\2.5\commons-io-2.5.jar;C:\Users\poonam\.m2\repository\com\google\code\gson\gson\2.6.2\gson-2.6.2.jar;C:\Users\poonam\.m2\repository\org\hamcrest\hamcrest-core\1.3\hamcrest-core-1.3.jar;C:\Users\poonam\.m2\repository\io\github\bonigarcia\webdrivermanager\5.7.0\webdrivermanager-5.7.0.jar;C:\Users\poonam\.m2\repository\com\github\docker-java\docker-java\3.3.5\docker-java-3.3.5.jar;C:\Users\poonam\.m2\repository\com\github\docker-java\docker-java-core\3.3.5\docker-java-core-3.3.5.jar;C:\Users\poonam\.m2\repository\com\github\docker-java\docker-java-api\3.3.5\docker-java-api-3.3.5.jar;C:\Users\poonam\.m2\repository\com\fasterxml\jackson\core\jackson-annotations\2.10.3\jackson-annotations-2.10.3.jar;C:\Users\poonam\.m2\repository\com\fasterxml\jackson\core\jackson-databind\2.10.3\jackson-databind-2.10.3.jar;C:\Users\poonam\.m2\repository\com\fasterxml\jackson\core\jackson-core\2.10.3\jackson-core-2.10.3.jar;C:\Users\poonam\.m2\repository\org\bouncycastle\bcpkix-jdk18on\1.76\bcpkix-jdk18on-1.76.jar;C:\Users\poonam\.m2\repository\org\bouncycastle\bcprov-jdk18on\1.76\bcprov-jdk18on-1.76.jar;C:\Users\poonam\.m2\repository\org\bouncycastle\bcutil-jdk18on\1.76\bcutil-jdk18on-1.76.jar;C:\Users\poonam\.m2\repository\org\slf4j\jcl-over-slf4j\1.7.30\jcl-over-slf4j-1.7.30.jar;C:\Users\poonam\.m2\repository\com\github\docker-java\docker-java-transport-httpclient5\3.3.5\docker-java-transport-httpclient5-3.3.5.jar;C:\Users\poonam\.m2\repository\com\github\docker-java\docker-java-transport\3.3.5\docker-java-transport-3.3.5.jar;C:\Users\poonam\.m2\repository\net\java\dev\jna\jna\5.13.0\jna-5.13.0.jar;C:\Users\poonam\.m2\repository\org\brotli\dec\0.1.2\dec-0.1.2.jar;C:\Users\poonam\.m2\repository\org\apache\commons\commons-lang3\3.14.0\commons-lang3-3.14.0.jar;C:\Users\poonam\.m2\repository\org\apache\commons\commons-compress\1.26.0\commons-compress-1.26.0.jar;C:\Users\poonam\.m2\repository\org\apache\httpcomponents\client5\httpclient5\5.2.1\httpclient5-5.2.1.jar;C:\Users\poonam\.m2\repository\org\apache\httpcomponents\core5\httpcore5\5.2\httpcore5-5.2.jar;C:\Users\poonam\.m2\repository\org\apache\httpcomponents\core5\httpcore5-h2\5.2\httpcore5-h2-5.2.jar;C:\Users\poonam\.m2\repository\org\apache\poi\poi\5.2.3\poi-5.2.3.jar;C:\Users\poonam\.m2\repository\commons-codec\commons-codec\1.15\commons-codec-1.15.jar;C:\Users\poonam\.m2\repository\org\apache\commons\commons-collections4\4.4\commons-collections4-4.4.jar;C:\Users\poonam\.m2\repository\org\apache\commons\commons-math3\3.6.1\commons-math3-3.6.1.jar;C:\Users\poonam\.m2\repository\com\zaxxer\SparseBitSet\1.2\SparseBitSet-1.2.jar;C:\Users\poonam\.m2\repository\org\apache\logging\log4j\log4j-api\2.18.0\log4j-api-2.18.0.jar;C:\Users\poonam\.m2\repository\org\apache\poi\poi-ooxml\5.2.3\poi-ooxml-5.2.3.jar;C:\Users\poonam\.m2\repository\org\apache\poi\poi-ooxml-lite\5.2.3\poi-ooxml-lite-5.2.3.jar;C:\Users\poonam\.m2\repository\org\apache\xmlbeans\xmlbeans\5.1.1\xmlbeans-5.1.1.jar;C:\Users\poonam\.m2\repository\com\github\virtuald\curvesapi\1.07\curvesapi-1.07.jar;C:\Users\poonam\.m2\repository\log4j\log4j\1.2.17\log4j-1.2.17.jar;C:\Users\poonam\.m2\repository\io\cucumber\cucumber-java\7.3.4\cucumber-java-7.3.4.jar;C:\Users\poonam\.m2\repository\org\apiguardian\apiguardian-api\1.1.2\apiguardian-api-1.1.2.jar;C:\Users\poonam\.m2\repository\io\cucumber\cucumber-core\7.3.4\cucumber-core-7.3.4.jar;C:\Users\poonam\.m2\repository\io\cucumber\cucumber-gherkin\7.3.4\cucumber-gherkin-7.3.4.jar;C:\Users\poonam\.m2\repository\io\cucumber\cucumber-gherkin-messages\7.3.4\cucumber-gherkin-messages-7.3.4.jar;C:\Users\poonam\.m2\repository\io\cucumber\gherkin\23.0.1\gherkin-23.0.1.jar;C:\Users\poonam\.m2\repository\io\cucumber\messages\18.0.0\messages-18.0.0.jar;C:\Users\poonam\.m2\repository\io\cucumber\tag-expressions\4.1.0\tag-expressions-4.1.0.jar;C:\Users\poonam\.m2\repository\io\cucumber\cucumber-expressions\15.1.1\cucumber-expressions-15.1.1.jar;C:\Users\poonam\.m2\repository\io\cucumber\datatable\7.3.4\datatable-7.3.4.jar;C:\Users\poonam\.m2\repository\io\cucumber\cucumber-plugin\7.3.4\cucumber-plugin-7.3.4.jar;C:\Users\poonam\.m2\repository\io\cucumber\docstring\7.3.4\docstring-7.3.4.jar;C:\Users\poonam\.m2\repository\io\cucumber\html-formatter\19.1.0\html-formatter-19.1.0.jar;C:\Users\poonam\.m2\repository\io\cucumber\ci-environment\9.0.4\ci-environment-9.0.4.jar;C:\Users\poonam\.m2\repository\io\cucumber\cucumber-testng\7.3.4\cucumber-testng-7.3.4.jar;C:\Users\poonam\.m2\repository\io\qameta\allure\allure-cucumber-jvm\2.19.0\allure-cucumber-jvm-2.19.0.jar;C:\Users\poonam\.m2\repository\info\cukes\gherkin\2.12.2\gherkin-2.12.2.jar;C:\Users\poonam\.m2\repository\io\qameta\allure\allure-java-commons\2.19.0\allure-java-commons-2.19.0.jar;C:\Users\poonam\.m2\repository\io\qameta\allure\allure-model\2.19.0\allure-model-2.19.0.jar;C:\Users\poonam\.m2\repository\io\qameta\allure\allure-testng\2.19.0\allure-testng-2.19.0.jar;C:\Users\poonam\.m2\repository\io\qameta\allure\allure-test-filter\2.19.0\allure-test-filter-2.19.0.jar;C:\Users\poonam\.m2\repository\org\apache\maven\surefire\surefire-testng-utils\2.22.0\surefire-testng-utils-2.22.0.jar;C:\Users\poonam\.m2\repository\org\apache\maven\surefire\surefire-grouper\2.22.0\surefire-grouper-2.22.0.jar;"/>
    <property name="java.vm.vendor" value="Oracle Corporation"/>
    <property name="sun.arch.data.model" value="64"/>
    <property name="user.variant" value=""/>
    <property name="java.vendor.url" value="https://java.oracle.com/"/>
    <property name="user.timezone" value="Asia/Calcutta"/>
    <property name="os.name" value="Windows 11"/>
    <property name="java.vm.specification.version" value="22"/>
    <property name="sun.java.launcher" value="SUN_STANDARD"/>
    <property name="user.country" value="IN"/>
    <property name="sun.boot.library.path" value="C:\Program Files\Java\jdk-22\bin"/>
    <property name="sun.java.command" value="C:\Users\poonam\AppData\Local\Temp\surefire9151730968572382677\surefirebooter12695900219751961773.jar C:\Users\poonam\AppData\Local\Temp\surefire9151730968572382677 2024-10-01T01-09-55_723-jvmRun1 surefire10487221900264016910tmp surefire_07456295734595874577tmp"/>
    <property name="jdk.debug" value="release"/>
    <property name="surefire.test.class.path" value="C:\Users\poonam\eclipse-workspace\iris22a\target\test-classes;C:\Users\poonam\eclipse-workspace\iris22a\target\classes;C:\Users\poonam\.m2\repository\org\seleniumhq\selenium\selenium-java\4.23.1\selenium-java-4.23.1.jar;C:\Users\poonam\.m2\repository\org\seleniumhq\selenium\selenium-api\4.23.1\selenium-api-4.23.1.jar;C:\Users\poonam\.m2\repository\org\seleniumhq\selenium\selenium-chrome-driver\4.23.1\selenium-chrome-driver-4.23.1.jar;C:\Users\poonam\.m2\repository\com\google\auto\service\auto-service-annotations\1.1.1\auto-service-annotations-1.1.1.jar;C:\Users\poonam\.m2\repository\org\seleniumhq\selenium\selenium-chromium-driver\4.23.1\selenium-chromium-driver-4.23.1.jar;C:\Users\poonam\.m2\repository\org\seleniumhq\selenium\selenium-json\4.23.1\selenium-json-4.23.1.jar;C:\Users\poonam\.m2\repository\org\seleniumhq\selenium\selenium-manager\4.23.1\selenium-manager-4.23.1.jar;C:\Users\poonam\.m2\repository\org\seleniumhq\selenium\selenium-devtools-v125\4.23.1\selenium-devtools-v125-4.23.1.jar;C:\Users\poonam\.m2\repository\org\seleniumhq\selenium\selenium-devtools-v126\4.23.1\selenium-devtools-v126-4.23.1.jar;C:\Users\poonam\.m2\repository\org\seleniumhq\selenium\selenium-devtools-v127\4.23.1\selenium-devtools-v127-4.23.1.jar;C:\Users\poonam\.m2\repository\org\seleniumhq\selenium\selenium-devtools-v85\4.23.1\selenium-devtools-v85-4.23.1.jar;C:\Users\poonam\.m2\repository\org\seleniumhq\selenium\selenium-edge-driver\4.23.1\selenium-edge-driver-4.23.1.jar;C:\Users\poonam\.m2\repository\org\seleniumhq\selenium\selenium-firefox-driver\4.23.1\selenium-firefox-driver-4.23.1.jar;C:\Users\poonam\.m2\repository\org\seleniumhq\selenium\selenium-http\4.23.1\selenium-http-4.23.1.jar;C:\Users\poonam\.m2\repository\dev\failsafe\failsafe\3.3.2\failsafe-3.3.2.jar;C:\Users\poonam\.m2\repository\org\seleniumhq\selenium\selenium-ie-driver\4.23.1\selenium-ie-driver-4.23.1.jar;C:\Users\poonam\.m2\repository\org\seleniumhq\selenium\selenium-remote-driver\4.23.1\selenium-remote-driver-4.23.1.jar;C:\Users\poonam\.m2\repository\com\google\guava\guava\33.2.1-jre\guava-33.2.1-jre.jar;C:\Users\poonam\.m2\repository\com\google\guava\failureaccess\1.0.2\failureaccess-1.0.2.jar;C:\Users\poonam\.m2\repository\com\google\guava\listenablefuture\9999.0-empty-to-avoid-conflict-with-guava\listenablefuture-9999.0-empty-to-avoid-conflict-with-guava.jar;C:\Users\poonam\.m2\repository\com\google\code\findbugs\jsr305\3.0.2\jsr305-3.0.2.jar;C:\Users\poonam\.m2\repository\org\checkerframework\checker-qual\3.42.0\checker-qual-3.42.0.jar;C:\Users\poonam\.m2\repository\com\google\errorprone\error_prone_annotations\2.26.1\error_prone_annotations-2.26.1.jar;C:\Users\poonam\.m2\repository\com\google\j2objc\j2objc-annotations\3.0.0\j2objc-annotations-3.0.0.jar;C:\Users\poonam\.m2\repository\io\opentelemetry\semconv\opentelemetry-semconv\1.25.0-alpha\opentelemetry-semconv-1.25.0-alpha.jar;C:\Users\poonam\.m2\repository\io\opentelemetry\opentelemetry-api\1.40.0\opentelemetry-api-1.40.0.jar;C:\Users\poonam\.m2\repository\io\opentelemetry\opentelemetry-context\1.40.0\opentelemetry-context-1.40.0.jar;C:\Users\poonam\.m2\repository\io\opentelemetry\opentelemetry-exporter-logging\1.40.0\opentelemetry-exporter-logging-1.40.0.jar;C:\Users\poonam\.m2\repository\io\opentelemetry\opentelemetry-sdk-common\1.40.0\opentelemetry-sdk-common-1.40.0.jar;C:\Users\poonam\.m2\repository\io\opentelemetry\opentelemetry-sdk-extension-autoconfigure-spi\1.40.0\opentelemetry-sdk-extension-autoconfigure-spi-1.40.0.jar;C:\Users\poonam\.m2\repository\io\opentelemetry\opentelemetry-sdk-extension-autoconfigure\1.40.0\opentelemetry-sdk-extension-autoconfigure-1.40.0.jar;C:\Users\poonam\.m2\repository\io\opentelemetry\opentelemetry-api-incubator\1.40.0-alpha\opentelemetry-api-incubator-1.40.0-alpha.jar;C:\Users\poonam\.m2\repository\io\opentelemetry\opentelemetry-sdk-trace\1.40.0\opentelemetry-sdk-trace-1.40.0.jar;C:\Users\poonam\.m2\repository\io\opentelemetry\opentelemetry-sdk\1.40.0\opentelemetry-sdk-1.40.0.jar;C:\Users\poonam\.m2\repository\io\opentelemetry\opentelemetry-sdk-metrics\1.40.0\opentelemetry-sdk-metrics-1.40.0.jar;C:\Users\poonam\.m2\repository\io\opentelemetry\opentelemetry-sdk-logs\1.40.0\opentelemetry-sdk-logs-1.40.0.jar;C:\Users\poonam\.m2\repository\net\bytebuddy\byte-buddy\1.14.18\byte-buddy-1.14.18.jar;C:\Users\poonam\.m2\repository\org\seleniumhq\selenium\selenium-os\4.23.1\selenium-os-4.23.1.jar;C:\Users\poonam\.m2\repository\org\apache\commons\commons-exec\1.4.0\commons-exec-1.4.0.jar;C:\Users\poonam\.m2\repository\org\seleniumhq\selenium\selenium-safari-driver\4.23.1\selenium-safari-driver-4.23.1.jar;C:\Users\poonam\.m2\repository\org\seleniumhq\selenium\selenium-support\4.23.1\selenium-support-4.23.1.jar;C:\Users\poonam\.m2\repository\org\testng\testng\7.10.2\testng-7.10.2.jar;C:\Users\poonam\.m2\repository\org\slf4j\slf4j-api\1.7.36\slf4j-api-1.7.36.jar;C:\Users\poonam\.m2\repository\com\beust\jcommander\1.82\jcommander-1.82.jar;C:\Users\poonam\.m2\repository\org\webjars\jquery\3.7.1\jquery-3.7.1.jar;C:\Users\poonam\.m2\repository\ru\yandex\qatools\ashot\ashot\1.5.4\ashot-1.5.4.jar;C:\Users\poonam\.m2\repository\commons-io\commons-io\2.5\commons-io-2.5.jar;C:\Users\poonam\.m2\repository\com\google\code\gson\gson\2.6.2\gson-2.6.2.jar;C:\Users\poonam\.m2\repository\org\hamcrest\hamcrest-core\1.3\hamcrest-core-1.3.jar;C:\Users\poonam\.m2\repository\io\github\bonigarcia\webdrivermanager\5.7.0\webdrivermanager-5.7.0.jar;C:\Users\poonam\.m2\repository\com\github\docker-java\docker-java\3.3.5\docker-java-3.3.5.jar;C:\Users\poonam\.m2\repository\com\github\docker-java\docker-java-core\3.3.5\docker-java-core-3.3.5.jar;C:\Users\poonam\.m2\repository\com\github\docker-java\docker-java-api\3.3.5\docker-java-api-3.3.5.jar;C:\Users\poonam\.m2\repository\com\fasterxml\jackson\core\jackson-annotations\2.10.3\jackson-annotations-2.10.3.jar;C:\Users\poonam\.m2\repository\com\fasterxml\jackson\core\jackson-databind\2.10.3\jackson-databind-2.10.3.jar;C:\Users\poonam\.m2\repository\com\fasterxml\jackson\core\jackson-core\2.10.3\jackson-core-2.10.3.jar;C:\Users\poonam\.m2\repository\org\bouncycastle\bcpkix-jdk18on\1.76\bcpkix-jdk18on-1.76.jar;C:\Users\poonam\.m2\repository\org\bouncycastle\bcprov-jdk18on\1.76\bcprov-jdk18on-1.76.jar;C:\Users\poonam\.m2\repository\org\bouncycastle\bcutil-jdk18on\1.76\bcutil-jdk18on-1.76.jar;C:\Users\poonam\.m2\repository\org\slf4j\jcl-over-slf4j\1.7.30\jcl-over-slf4j-1.7.30.jar;C:\Users\poonam\.m2\repository\com\github\docker-java\docker-java-transport-httpclient5\3.3.5\docker-java-transport-httpclient5-3.3.5.jar;C:\Users\poonam\.m2\repository\com\github\docker-java\docker-java-transport\3.3.5\docker-java-transport-3.3.5.jar;C:\Users\poonam\.m2\repository\net\java\dev\jna\jna\5.13.0\jna-5.13.0.jar;C:\Users\poonam\.m2\repository\org\brotli\dec\0.1.2\dec-0.1.2.jar;C:\Users\poonam\.m2\repository\org\apache\commons\commons-lang3\3.14.0\commons-lang3-3.14.0.jar;C:\Users\poonam\.m2\repository\org\apache\commons\commons-compress\1.26.0\commons-compress-1.26.0.jar;C:\Users\poonam\.m2\repository\org\apache\httpcomponents\client5\httpclient5\5.2.1\httpclient5-5.2.1.jar;C:\Users\poonam\.m2\repository\org\apache\httpcomponents\core5\httpcore5\5.2\httpcore5-5.2.jar;C:\Users\poonam\.m2\repository\org\apache\httpcomponents\core5\httpcore5-h2\5.2\httpcore5-h2-5.2.jar;C:\Users\poonam\.m2\repository\org\apache\poi\poi\5.2.3\poi-5.2.3.jar;C:\Users\poonam\.m2\repository\commons-codec\commons-codec\1.15\commons-codec-1.15.jar;C:\Users\poonam\.m2\repository\org\apache\commons\commons-collections4\4.4\commons-collections4-4.4.jar;C:\Users\poonam\.m2\repository\org\apache\commons\commons-math3\3.6.1\commons-math3-3.6.1.jar;C:\Users\poonam\.m2\repository\com\zaxxer\SparseBitSet\1.2\SparseBitSet-1.2.jar;C:\Users\poonam\.m2\repository\org\apache\logging\log4j\log4j-api\2.18.0\log4j-api-2.18.0.jar;C:\Users\poonam\.m2\repository\org\apache\poi\poi-ooxml\5.2.3\poi-ooxml-5.2.3.jar;C:\Users\poonam\.m2\repository\org\apache\poi\poi-ooxml-lite\5.2.3\poi-ooxml-lite-5.2.3.jar;C:\Users\poonam\.m2\repository\org\apache\xmlbeans\xmlbeans\5.1.1\xmlbeans-5.1.1.jar;C:\Users\poonam\.m2\repository\com\github\virtuald\curvesapi\1.07\curvesapi-1.07.jar;C:\Users\poonam\.m2\repository\log4j\log4j\1.2.17\log4j-1.2.17.jar;C:\Users\poonam\.m2\repository\io\cucumber\cucumber-java\7.3.4\cucumber-java-7.3.4.jar;C:\Users\poonam\.m2\repository\org\apiguardian\apiguardian-api\1.1.2\apiguardian-api-1.1.2.jar;C:\Users\poonam\.m2\repository\io\cucumber\cucumber-core\7.3.4\cucumber-core-7.3.4.jar;C:\Users\poonam\.m2\repository\io\cucumber\cucumber-gherkin\7.3.4\cucumber-gherkin-7.3.4.jar;C:\Users\poonam\.m2\repository\io\cucumber\cucumber-gherkin-messages\7.3.4\cucumber-gherkin-messages-7.3.4.jar;C:\Users\poonam\.m2\repository\io\cucumber\gherkin\23.0.1\gherkin-23.0.1.jar;C:\Users\poonam\.m2\repository\io\cucumber\messages\18.0.0\messages-18.0.0.jar;C:\Users\poonam\.m2\repository\io\cucumber\tag-expressions\4.1.0\tag-expressions-4.1.0.jar;C:\Users\poonam\.m2\repository\io\cucumber\cucumber-expressions\15.1.1\cucumber-expressions-15.1.1.jar;C:\Users\poonam\.m2\repository\io\cucumber\datatable\7.3.4\datatable-7.3.4.jar;C:\Users\poonam\.m2\repository\io\cucumber\cucumber-plugin\7.3.4\cucumber-plugin-7.3.4.jar;C:\Users\poonam\.m2\repository\io\cucumber\docstring\7.3.4\docstring-7.3.4.jar;C:\Users\poonam\.m2\repository\io\cucumber\html-formatter\19.1.0\html-formatter-19.1.0.jar;C:\Users\poonam\.m2\repository\io\cucumber\ci-environment\9.0.4\ci-environment-9.0.4.jar;C:\Users\poonam\.m2\repository\io\cucumber\cucumber-testng\7.3.4\cucumber-testng-7.3.4.jar;C:\Users\poonam\.m2\repository\io\qameta\allure\allure-cucumber-jvm\2.19.0\allure-cucumber-jvm-2.19.0.jar;C:\Users\poonam\.m2\repository\info\cukes\gherkin\2.12.2\gherkin-2.12.2.jar;C:\Users\poonam\.m2\repository\io\qameta\allure\allure-java-commons\2.19.0\allure-java-commons-2.19.0.jar;C:\Users\poonam\.m2\repository\io\qameta\allure\allure-model\2.19.0\allure-model-2.19.0.jar;C:\Users\poonam\.m2\repository\io\qameta\allure\allure-testng\2.19.0\allure-testng-2.19.0.jar;C:\Users\poonam\.m2\repository\io\qameta\allure\allure-test-filter\2.19.0\allure-test-filter-2.19.0.jar;C:\Users\poonam\.m2\repository\org\apache\maven\surefire\surefire-testng-utils\2.22.0\surefire-testng-utils-2.22.0.jar;C:\Users\poonam\.m2\repository\org\apache\maven\surefire\surefire-grouper\2.22.0\surefire-grouper-2.22.0.jar;"/>
    <property name="sun.cpu.endian" value="little"/>
    <property name="user.home" value="C:\Users\poonam"/>
    <property name="user.language" value="en"/>
    <property name="java.specification.vendor" value="Oracle Corporation"/>
    <property name="java.version.date" value="2024-07-16"/>
    <property name="java.home" value="C:\Program Files\Java\jdk-22"/>
    <property name="file.separator" value="\"/>
    <property name="basedir" value="C:\Users\poonam\eclipse-workspace\iris22a"/>
    <property name="style.color" value="always"/>
    <property name="java.vm.compressedOopsMode" value="Zero based"/>
    <property name="line.separator" value="&#10;"/>
    <property name="java.vm.specification.vendor" value="Oracle Corporation"/>
    <property name="java.specification.name" value="Java Platform API Specification"/>
    <property name="surefire.real.class.path" value="C:\Users\poonam\AppData\Local\Temp\surefire9151730968572382677\surefirebooter12695900219751961773.jar"/>
    <property name="user.script" value=""/>
    <property name="sun.management.compiler" value="HotSpot 64-Bit Tiered Compilers"/>
    <property name="java.runtime.version" value="22.0.2+9-70"/>
    <property name="user.name" value="poonam"/>
    <property name="stdout.encoding" value="Cp1252"/>
    <property name="path.separator" value=";"/>
    <property name="os.version" value="10.0"/>
    <property name="java.runtime.name" value="Java(TM) SE Runtime Environment"/>
    <property name="file.encoding" value="UTF-8"/>
    <property name="java.vm.name" value="Java HotSpot(TM) 64-Bit Server VM"/>
    <property name="localRepository" value="C:\Users\poonam\.m2\repository"/>
    <property name="java.vendor.url.bug" value="https://bugreport.java.com/bugreport/"/>
    <property name="java.io.tmpdir" value="C:\Users\poonam\AppData\Local\Temp\"/>
    <property name="java.version" value="22.0.2"/>
    <property name="user.dir" value="C:\Users\poonam\eclipse-workspace\iris22a"/>
    <property name="os.arch" value="amd64"/>
    <property name="java.vm.specification.name" value="Java Virtual Machine Specification"/>
    <property name="sun.os.patch.level" value=""/>
    <property name="native.encoding" value="Cp1252"/>
    <property name="java.library.path" value="C:\Program Files\Java\jdk-22\bin;C:\windows\Sun\Java\bin;C:\windows\system32;C:\windows;C:\Program Files\Common Files\Oracle\Java\javapath;C:\windows\system32;C:\windows;C:\windows\System32\Wbem;C:\windows\System32\WindowsPowerShell\v1.0\;C:\windows\System32\OpenSSH\;C:\Program Files\Microsoft SQL Server\150\Tools\Binn\;C:\Program Files\Microsoft SQL Server\Client SDK\ODBC\170\Tools\Binn\;C:\Program Files\dotnet\;C:\Program Files (x86)\Windows Kits\10\Windows Performance Toolkit\;C:\Program Files\nodejs\;C:\Program Files\Git\cmd;C:\Program Files\Java\jdk-22\bin;C:\Program Files\apache-maven-3.8.8\bin;C:\Users\poonam\AppData\Local\Programs\Python\Python312\Scripts\;C:\Users\poonam\AppData\Local\Programs\Python\Python312\;C:\Users\poonam\AppData\Local\Programs\Python\Launcher\;C:\Users\poonam\AppData\Local\Microsoft\WindowsApps;C:\Users\poonam\.dotnet\tools;C:\Users\poonam\AppData\Roaming\npm;C:\Users\poonam\AppData\Local\Programs\Microsoft VS Code\bin;."/>
    <property name="java.vm.info" value="mixed mode, sharing"/>
    <property name="stderr.encoding" value="Cp1252"/>
    <property name="java.vendor" value="Oracle Corporation"/>
    <property name="java.vm.version" value="22.0.2+9-70"/>
    <property name="sun.io.unicode.encoding" value="UnicodeLittle"/>
    <property name="java.class.version" value="66.0"/>
  </properties>
  <testcase name="m10" classname="com.iris22a.ProductTest" time="0.039"/>
  <testcase name="m11" classname="com.iris22a.ProductTest" time="0.003"/>
  <testcase name="m12" classname="com.iris22a.ProductTest" time="0.003"/>
  <testcase name="m3" classname="com.iris22a.ProductTest" time="0.004"/>
  <testcase name="m4" classname="com.iris22a.ProductTest" time="0.003"/>
  <testcase name="m5" classname="com.iris22a.ProductTest" time="0.002"/>
  <testcase name="m6" classname="com.iris22a.ProductTest" time="0.004"/>
  <testcase name="m7" classname="com.iris22a.ProductTest" time="0.004"/>
  <testcase name="m8" classname="com.iris22a.ProductTest" time="0.003"/>
  <testcase name="m9" classname="com.iris22a.ProductTest" time="0.002"/>
  <testcase name="verifyCategoryListForTopWears" classname="com.iris22a.ProductTest" time="4.327"/>
  <testcase name="verifyItemCountOfCasualShirts" classname="com.iris22a.ProductTest" time="2.923">
    <failure message="element not interactable&#10;  (Session info: chrome=129.0.6668.70)&#10;Build info: version: &apos;4.23.1&apos;, revision: &apos;656257d8e9&apos;&#10;System info: os.name: &apos;Windows 11&apos;, os.arch: &apos;amd64&apos;, os.version: &apos;10.0&apos;, java.version: &apos;22.0.2&apos;&#10;Driver info: org.openqa.selenium.chrome.ChromeDriver&#10;Command: [188a275cc0e7d37df7e869dadcb27c0c, clickElement {id=f.19A719DCDD1F2EA0A69EE9EA969F6678.d.51966B940D8930CED4B4EF362D323907.e.47}]&#10;Capabilities {acceptInsecureCerts: false, browserName: chrome, browserVersion: 129.0.6668.70, chrome: {chromedriverVersion: 129.0.6668.70 (df87d5cf12b1..., userDataDir: C:\Users\poonam\AppData\Loc...}, fedcm:accounts: true, goog:chromeOptions: {debuggerAddress: localhost:52818}, networkConnectionEnabled: false, pageLoadStrategy: normal, platformName: windows, proxy: Proxy(), se:cdp: ws://localhost:52818/devtoo..., se:cdpVersion: 129.0.6668.70, setWindowRect: true, strictFileInteractability: false, timeouts: {implicit: 0, pageLoad: 300000, script: 30000}, unhandledPromptBehavior: dismiss and notify, webauthn:extension:credBlob: true, webauthn:extension:largeBlob: true, webauthn:extension:minPinLength: true, webauthn:extension:prf: true, webauthn:virtualAuthenticators: true}&#10;Element: [[ChromeDriver: chrome on windows (188a275cc0e7d37df7e869dadcb27c0c)] -&gt; xpath: (//li[@class=&quot;desktop-oddColumnContent&quot;])[1]/descendant::a[contains(text(),&quot;Casual&quot;)]]&#10;Session ID: 188a275cc0e7d37df7e869dadcb27c0c" type="org.openqa.selenium.ElementNotInteractableException">org.openqa.selenium.ElementNotInteractableException: 
element not interactable
  (Session info: chrome=129.0.6668.70)
Build info: version: '4.23.1', revision: '656257d8e9'
System info: os.name: 'Windows 11', os.arch: 'amd64', os.version: '10.0', java.version: '22.0.2'
Driver info: org.openqa.selenium.chrome.ChromeDriver
Command: [188a275cc0e7d37df7e869dadcb27c0c, clickElement {id=f.19A719DCDD1F2EA0A69EE9EA969F6678.d.51966B940D8930CED4B4EF362D323907.e.47}]
Capabilities {acceptInsecureCerts: false, browserName: chrome, browserVersion: 129.0.6668.70, chrome: {chromedriverVersion: 129.0.6668.70 (df87d5cf12b1..., userDataDir: C:\Users\poonam\AppData\Loc...}, fedcm:accounts: true, goog:chromeOptions: {debuggerAddress: localhost:52818}, networkConnectionEnabled: false, pageLoadStrategy: normal, platformName: windows, proxy: Proxy(), se:cdp: ws://localhost:52818/devtoo..., se:cdpVersion: 129.0.6668.70, setWindowRect: true, strictFileInteractability: false, timeouts: {implicit: 0, pageLoad: 300000, script: 30000}, unhandledPromptBehavior: dismiss and notify, webauthn:extension:credBlob: true, webauthn:extension:largeBlob: true, webauthn:extension:minPinLength: true, webauthn:extension:prf: true, webauthn:virtualAuthenticators: true}
Element: [[ChromeDriver: chrome on windows (188a275cc0e7d37df7e869dadcb27c0c)] -> xpath: (//li[@class="desktop-oddColumnContent"])[1]/descendant::a[contains(text(),"Casual")]]
Session ID: 188a275cc0e7d37df7e869dadcb27c0c
	at com.iris22a.ProductTest.verifyItemCountOfCasualShirts(ProductTest.java:70)
</failure>
    <system-out><![CDATA[Open browserChrome
Chrome Method call to open browser
Chrome browser is launched successfully.
]]></system-out>
    <system-err><![CDATA[Oct 01, 2024 1:10:11 AM org.openqa.selenium.devtools.CdpVersionFinder findNearestMatch
WARNING: Unable to find an exact match for CDP version 129, returning the closest version; found: 127; Please update to a Selenium version that supports CDP version 129
ERROR StatusLogger Log4j2 could not find a logging implementation. Please add log4j-core to the classpath. Using SimpleLogger to log to the console...
]]></system-err>
  </testcase>
  <testcase name="verifySearchResultForPoloMen" classname="com.iris22a.ProductTest" time="4.343">
    <failure message="Product title doesn&apos;t contain polo:  expected [true] but found [false]" type="java.lang.AssertionError">java.lang.AssertionError: Product title doesn't contain polo:  expected [true] but found [false]
	at com.iris22a.ProductTest.verifySearchResultForPoloMen(ProductTest.java:34)
</failure>
    <system-out><![CDATA[Open browserChrome
Chrome Method call to open browser
Chrome browser is launched successfully.
Path=========C:\Users\poonam\eclipse-workspace\iris22a\src\main\resources\OR.properties
Path=========C:\Users\poonam\eclipse-workspace\iris22a\src\main\resources\OR.properties
Path=========C:\Users\poonam\eclipse-workspace\iris22a\src\main\resources\OR.properties
Path=========C:\Users\poonam\eclipse-workspace\iris22a\src\main\resources\OR.properties
Path=========C:\Users\poonam\eclipse-workspace\iris22a\src\main\resources\OR.properties
Path=========C:\Users\poonam\eclipse-workspace\iris22a\src\main\resources\OR.properties
]]></system-out>
    <system-err><![CDATA[Oct 01, 2024 1:10:15 AM org.openqa.selenium.devtools.CdpVersionFinder findNearestMatch
WARNING: Unable to find an exact match for CDP version 129, returning the closest version; found: 127; Please update to a Selenium version that supports CDP version 129
]]></system-err>
  </testcase>
  <testcase name="runScenario" classname="com.runner.RunnerTest" time="6.592">
    <failure message="Product title doesn&apos;t contain polo: Super Combed Cotton T-Shirt expected [true] but found [false]" type="java.lang.AssertionError">java.lang.AssertionError: Product title doesn't contain polo: Super Combed Cotton T-Shirt expected [true] but found [false]
</failure>
    <system-out><![CDATA[Open browserChrome
Open browserChrome
Chrome Method call to open browser
Open browserChrome
Chrome Method call to open browser
Open browserChrome
Chrome Method call to open browser
Chrome Method call to open browser
Chrome browser is launched successfully.
Chrome browser is launched successfully.
Chrome browser is launched successfully.
Chrome browser is launched successfully.
[Men Gamor Regular Fit Polo, Ribbed Polo T-shirt, Men Polo Collar T-shirt, Polo Collar Lounge Tshirts, Super Combed Cotton T-Shirt, Men Polo Collar Lounge T-shirt, Polo Collar T-shirt, Polo Collar Cotton T-shirt, Boys Polo Collar T-shirt, Boys Polo Collar T-shirt, Polo Collar T-shirt, Ribbed Polo Collar T-shirt, Solid Polo Collar Pure Cotton T-shirt, Men Spencer Regular Fit Polo, Polo Collar Lounge Tshirts, Printed Polo Cotton T-shirt, Men Rique Regular Fit Polo, Polo Collar Lounge Tshirts, Striped Regular Fit T-shirt, Super Combed Cotton T-Shirt, Solid Polo Collar T-shirt, Polo Collar Regular T-shirt, Varsity Cotton Polo T-shirt, Men Polo Collar T-shirt, Cotton Colourblocked T-shirt, Men Pareto Embroidered Polo, Polo Collar Lounge Tshirts, Polo Collar Cotton T-shirt, Boys Polo Collar T-Shirt, Boys Polo Collar T-shirt, Men Printed Polo Collar T-shirt, Pack Of 2 Cotton T-shirt, Striped Polo Collar T-shirt, Women Solid Slim Fit T-shirt, Polo Collar Cotton T-shirt, Polo Collar Pure Cotton T-shirt, Polo Collar Lounge Tshirts, Men Rings Regular Fit Polo, Pure Cotton Polo T-shirt, Polo Collar T-shirt, Pure Cotton T-shirt, Polo Collar Lounge Tshirts, Boys Polo Collar T-shirt, Varsity Printed Cotton T-shirt, Women Polo Collar T-shirt, Printed Hooded T-shirt, Men Face Embroidered Polo, Men Polo Collar T-shirt, Polo Collar Slim Fit T-shirt, Men Regular Fit T-shirt]
ProductTitle:Men Gamor Regular Fit Polo
ProductTitle:Ribbed Polo T-shirt
ProductTitle:Men Polo Collar T-shirt
ProductTitle:Polo Collar Lounge Tshirts
ProductTitle:Super Combed Cotton T-Shirt
]]></system-out>
    <system-err><![CDATA[Oct 01, 2024 1:10:21 AM org.openqa.selenium.devtools.CdpVersionFinder findNearestMatch
WARNING: Unable to find an exact match for CDP version 129, returning the closest version; found: 127; Please update to a Selenium version that supports CDP version 129
Oct 01, 2024 1:10:21 AM org.openqa.selenium.devtools.CdpVersionFinder findNearestMatch
WARNING: Unable to find an exact match for CDP version 129, returning the closest version; found: 127; Please update to a Selenium version that supports CDP version 129
Oct 01, 2024 1:10:21 AM org.openqa.selenium.devtools.CdpVersionFinder findNearestMatch
WARNING: Unable to find an exact match for CDP version 129, returning the closest version; found: 127; Please update to a Selenium version that supports CDP version 129
Oct 01, 2024 1:10:21 AM org.openqa.selenium.devtools.CdpVersionFinder findNearestMatch
WARNING: Unable to find an exact match for CDP version 129, returning the closest version; found: 127; Please update to a Selenium version that supports CDP version 129
]]></system-err>
  </testcase>
  <testcase name="runScenario" classname="com.runner.RunnerTest" time="0.505"/>
  <testcase name="runScenario" classname="com.runner.RunnerTest" time="0.469">
    <failure message="Product title doesn&apos;t contain polo: Super Combed Cotton T-Shirt expected [true] but found [false]" type="java.lang.AssertionError">java.lang.AssertionError: Product title doesn't contain polo: Super Combed Cotton T-Shirt expected [true] but found [false]
</failure>
    <system-out><![CDATA[Open browserChrome
Chrome Method call to open browser
[Men Gamor Regular Fit Polo, Ribbed Polo T-shirt, Men Polo Collar T-shirt, Polo Collar Lounge Tshirts, Super Combed Cotton T-Shirt, Men Polo Collar Lounge T-shirt, Polo Collar T-shirt, Polo Collar Cotton T-shirt, Boys Polo Collar T-shirt, Boys Polo Collar T-shirt, Polo Collar T-shirt, Ribbed Polo Collar T-shirt, Solid Polo Collar Pure Cotton T-shirt, Men Spencer Regular Fit Polo, Polo Collar Lounge Tshirts, Printed Polo Cotton T-shirt, Men Rique Regular Fit Polo, Polo Collar Lounge Tshirts, Striped Regular Fit T-shirt, Super Combed Cotton T-Shirt, Solid Polo Collar T-shirt, Polo Collar Regular T-shirt, Varsity Cotton Polo T-shirt, Men Polo Collar T-shirt, Cotton Colourblocked T-shirt, Men Pareto Embroidered Polo, Polo Collar Lounge Tshirts, Polo Collar Cotton T-shirt, Boys Polo Collar T-Shirt, Boys Polo Collar T-shirt, Men Printed Polo Collar T-shirt, Pack Of 2 Cotton T-shirt, Striped Polo Collar T-shirt, Women Solid Slim Fit T-shirt, Polo Collar Cotton T-shirt, Polo Collar Pure Cotton T-shirt, Polo Collar Lounge Tshirts, Men Rings Regular Fit Polo, Pure Cotton Polo T-shirt, Polo Collar T-shirt, Pure Cotton T-shirt, Polo Collar Lounge Tshirts, Boys Polo Collar T-shirt, Varsity Printed Cotton T-shirt, Women Polo Collar T-shirt, Printed Hooded T-shirt, Men Face Embroidered Polo, Men Polo Collar T-shirt, Polo Collar Slim Fit T-shirt, Men Regular Fit T-shirt]
ProductTitle:Men Gamor Regular Fit Polo
ProductTitle:Ribbed Polo T-shirt
ProductTitle:Men Polo Collar T-shirt
ProductTitle:Polo Collar Lounge Tshirts
ProductTitle:Super Combed Cotton T-Shirt
Chrome browser is launched successfully.
]]></system-out>
    <system-err><![CDATA[Oct 01, 2024 1:10:27 AM org.openqa.selenium.devtools.CdpVersionFinder findNearestMatch
WARNING: Unable to find an exact match for CDP version 129, returning the closest version; found: 127; Please update to a Selenium version that supports CDP version 129
]]></system-err>
  </testcase>
  <testcase name="runScenario" classname="com.runner.RunnerTest" time="5.392">
    <failure message="Product title doesn&apos;t contain polo: Super Combed Cotton T-Shirt expected [true] but found [false]" type="java.lang.AssertionError">java.lang.AssertionError: Product title doesn't contain polo: Super Combed Cotton T-Shirt expected [true] but found [false]
</failure>
    <system-out><![CDATA[Open browserChrome
Chrome Method call to open browser
Chrome browser is launched successfully.
Chrome browser is launched successfully.
[Men Gamor Regular Fit Polo, Ribbed Polo T-shirt, Men Polo Collar T-shirt, Polo Collar Lounge Tshirts, Super Combed Cotton T-Shirt, Men Polo Collar Lounge T-shirt, Polo Collar T-shirt, Polo Collar Cotton T-shirt, Boys Polo Collar T-shirt, Boys Polo Collar T-shirt, Polo Collar T-shirt, Ribbed Polo Collar T-shirt, Solid Polo Collar Pure Cotton T-shirt, Men Spencer Regular Fit Polo, Polo Collar Lounge Tshirts, Printed Polo Cotton T-shirt, Men Rique Regular Fit Polo, Polo Collar Lounge Tshirts, Striped Regular Fit T-shirt, Super Combed Cotton T-Shirt, Solid Polo Collar T-shirt, Polo Collar Regular T-shirt, Varsity Cotton Polo T-shirt, Men Polo Collar T-shirt, Cotton Colourblocked T-shirt, Men Pareto Embroidered Polo, Polo Collar Lounge Tshirts, Polo Collar Cotton T-shirt, Boys Polo Collar T-Shirt, Boys Polo Collar T-shirt, Men Printed Polo Collar T-shirt, Pack Of 2 Cotton T-shirt, Striped Polo Collar T-shirt, Women Solid Slim Fit T-shirt, Polo Collar Cotton T-shirt, Polo Collar Pure Cotton T-shirt, Polo Collar Lounge Tshirts, Men Rings Regular Fit Polo, Pure Cotton Polo T-shirt, Polo Collar T-shirt, Pure Cotton T-shirt, Polo Collar Lounge Tshirts, Boys Polo Collar T-shirt, Varsity Printed Cotton T-shirt, Women Polo Collar T-shirt, Printed Hooded T-shirt, Men Face Embroidered Polo, Men Polo Collar T-shirt, Polo Collar Slim Fit T-shirt, Men Regular Fit T-shirt]
ProductTitle:Men Gamor Regular Fit Polo
ProductTitle:Ribbed Polo T-shirt
ProductTitle:Men Polo Collar T-shirt
ProductTitle:Polo Collar Lounge Tshirts
ProductTitle:Super Combed Cotton T-Shirt
]]></system-out>
    <system-err><![CDATA[Oct 01, 2024 1:10:28 AM org.openqa.selenium.devtools.CdpVersionFinder findNearestMatch
WARNING: Unable to find an exact match for CDP version 129, returning the closest version; found: 127; Please update to a Selenium version that supports CDP version 129
Oct 01, 2024 1:10:28 AM org.openqa.selenium.devtools.CdpVersionFinder findNearestMatch
WARNING: Unable to find an exact match for CDP version 129, returning the closest version; found: 127; Please update to a Selenium version that supports CDP version 129
]]></system-err>
  </testcase>
  <testcase name="runScenario" classname="com.runner.RunnerTest" time="1.134"/>
  <testcase name="runScenario" classname="com.runner.RunnerTest" time="0.216">
    <failure message="Product title doesn&apos;t contain polo:  expected [true] but found [false]" type="java.lang.AssertionError">java.lang.AssertionError: Product title doesn't contain polo:  expected [true] but found [false]
</failure>
    <system-out><![CDATA[Open browserChrome
Chrome Method call to open browser
]]></system-out>
  </testcase>
  <testcase name="runScenario" classname="com.runner.RunnerTest" time="0.831"/>
  <testcase name="runScenario" classname="com.runner.RunnerTest" time="0.231"/>
  <testcase name="runScenario" classname="com.runner.RunnerTest" time="1.083"/>
  <testcase name="runScenario" classname="com.runner.RunnerTest" time="0.055"/>
  <testcase name="runScenario" classname="com.runner.RunnerTest" time="1.286"/>
  <testcase name="runScenario" classname="com.runner.RunnerTest" time="0.041"/>
  <testcase name="runScenario" classname="com.runner.RunnerTest" time="1.116"/>
  <testcase name="runScenario" classname="com.runner.RunnerTest" time="0.062"/>
  <testcase name="runScenario" classname="com.runner.RunnerTest" time="0.269"/>
  <testcase name="runScenario" classname="com.runner.RunnerTest" time="4.889">
    <failure message="element not interactable&#10;  (Session info: chrome=129.0.6668.70)&#10;Build info: version: &apos;4.23.1&apos;, revision: &apos;656257d8e9&apos;&#10;System info: os.name: &apos;Windows 11&apos;, os.arch: &apos;amd64&apos;, os.version: &apos;10.0&apos;, java.version: &apos;22.0.2&apos;&#10;Driver info: org.openqa.selenium.chrome.ChromeDriver&#10;Command: [18f5ec4e1d5a2a7830b51270bbdf7c90, clickElement {id=f.8DC0F56DF8AFEB256F3B8D81759E54BE.d.ADE6404E3750F51B30C8908005072DD3.e.40}]&#10;Capabilities {acceptInsecureCerts: false, browserName: chrome, browserVersion: 129.0.6668.70, chrome: {chromedriverVersion: 129.0.6668.70 (df87d5cf12b1..., userDataDir: C:\Users\poonam\AppData\Loc...}, fedcm:accounts: true, goog:chromeOptions: {debuggerAddress: localhost:53594}, networkConnectionEnabled: false, pageLoadStrategy: normal, platformName: windows, proxy: Proxy(), se:cdp: ws://localhost:53594/devtoo..., se:cdpVersion: 129.0.6668.70, setWindowRect: true, strictFileInteractability: false, timeouts: {implicit: 0, pageLoad: 300000, script: 30000}, unhandledPromptBehavior: dismiss and notify, webauthn:extension:credBlob: true, webauthn:extension:largeBlob: true, webauthn:extension:minPinLength: true, webauthn:extension:prf: true, webauthn:virtualAuthenticators: true}&#10;Element: [[ChromeDriver: chrome on windows (18f5ec4e1d5a2a7830b51270bbdf7c90)] -&gt; xpath: //a[@href=&quot;/men-tshirts&quot;]]&#10;Session ID: 18f5ec4e1d5a2a7830b51270bbdf7c90" type="org.openqa.selenium.ElementNotInteractableException">org.openqa.selenium.ElementNotInteractableException: 
element not interactable
  (Session info: chrome=129.0.6668.70)
Build info: version: '4.23.1', revision: '656257d8e9'
System info: os.name: 'Windows 11', os.arch: 'amd64', os.version: '10.0', java.version: '22.0.2'
Driver info: org.openqa.selenium.chrome.ChromeDriver
Command: [18f5ec4e1d5a2a7830b51270bbdf7c90, clickElement {id=f.8DC0F56DF8AFEB256F3B8D81759E54BE.d.ADE6404E3750F51B30C8908005072DD3.e.40}]
Capabilities {acceptInsecureCerts: false, browserName: chrome, browserVersion: 129.0.6668.70, chrome: {chromedriverVersion: 129.0.6668.70 (df87d5cf12b1..., userDataDir: C:\Users\poonam\AppData\Loc...}, fedcm:accounts: true, goog:chromeOptions: {debuggerAddress: localhost:53594}, networkConnectionEnabled: false, pageLoadStrategy: normal, platformName: windows, proxy: Proxy(), se:cdp: ws://localhost:53594/devtoo..., se:cdpVersion: 129.0.6668.70, setWindowRect: true, strictFileInteractability: false, timeouts: {implicit: 0, pageLoad: 300000, script: 30000}, unhandledPromptBehavior: dismiss and notify, webauthn:extension:credBlob: true, webauthn:extension:largeBlob: true, webauthn:extension:minPinLength: true, webauthn:extension:prf: true, webauthn:virtualAuthenticators: true}
Element: [[ChromeDriver: chrome on windows (18f5ec4e1d5a2a7830b51270bbdf7c90)] -> xpath: //a[@href="/men-tshirts"]]
Session ID: 18f5ec4e1d5a2a7830b51270bbdf7c90
</failure>
    <system-out><![CDATA[Open browserChrome
Chrome Method call to open browser
Chrome browser is launched successfully.
Chrome browser is launched successfully.
Chrome browser is launched successfully.
]]></system-out>
    <system-err><![CDATA[Oct 01, 2024 1:10:40 AM org.openqa.selenium.devtools.CdpVersionFinder findNearestMatch
WARNING: Unable to find an exact match for CDP version 129, returning the closest version; found: 127; Please update to a Selenium version that supports CDP version 129
Oct 01, 2024 1:10:40 AM org.openqa.selenium.devtools.CdpVersionFinder findNearestMatch
WARNING: Unable to find an exact match for CDP version 129, returning the closest version; found: 127; Please update to a Selenium version that supports CDP version 129
Oct 01, 2024 1:10:40 AM org.openqa.selenium.devtools.CdpVersionFinder findNearestMatch
WARNING: Unable to find an exact match for CDP version 129, returning the closest version; found: 127; Please update to a Selenium version that supports CDP version 129
]]></system-err>
  </testcase>
  <testcase name="runScenario" classname="com.runner.RunnerTest" time="0.386">
    <failure message="Product title doesn&apos;t contain polo: Super Combed Cotton T-Shirt expected [true] but found [false]" type="java.lang.AssertionError">java.lang.AssertionError: Product title doesn't contain polo: Super Combed Cotton T-Shirt expected [true] but found [false]
</failure>
    <system-out><![CDATA[Open browserChrome
Chrome Method call to open browser
[Men Gamor Regular Fit Polo, Ribbed Polo T-shirt, Men Polo Collar T-shirt, Polo Collar Lounge Tshirts, Super Combed Cotton T-Shirt, Men Polo Collar Lounge T-shirt, Polo Collar T-shirt, Polo Collar Cotton T-shirt, Boys Polo Collar T-shirt, Boys Polo Collar T-shirt, Polo Collar T-shirt, Ribbed Polo Collar T-shirt, Solid Polo Collar Pure Cotton T-shirt, Men Spencer Regular Fit Polo, Polo Collar Lounge Tshirts, Printed Polo Cotton T-shirt, Men Rique Regular Fit Polo, Polo Collar Lounge Tshirts, Striped Regular Fit T-shirt, Super Combed Cotton T-Shirt, Solid Polo Collar T-shirt, Polo Collar Regular T-shirt, Varsity Cotton Polo T-shirt, Men Polo Collar T-shirt, Cotton Colourblocked T-shirt, Men Pareto Embroidered Polo, Polo Collar Lounge Tshirts, Polo Collar Cotton T-shirt, Boys Polo Collar T-Shirt, Boys Polo Collar T-shirt, Men Printed Polo Collar T-shirt, Pack Of 2 Cotton T-shirt, Striped Polo Collar T-shirt, Women Solid Slim Fit T-shirt, Polo Collar Cotton T-shirt, Polo Collar Pure Cotton T-shirt, Polo Collar Lounge Tshirts, Men Rings Regular Fit Polo, Pure Cotton Polo T-shirt, Polo Collar T-shirt, Pure Cotton T-shirt, Polo Collar Lounge Tshirts, Boys Polo Collar T-shirt, Varsity Printed Cotton T-shirt, Women Polo Collar T-shirt, Printed Hooded T-shirt, Men Face Embroidered Polo, Men Polo Collar T-shirt, Polo Collar Slim Fit T-shirt, Men Regular Fit T-shirt]
ProductTitle:Men Gamor Regular Fit Polo
ProductTitle:Ribbed Polo T-shirt
ProductTitle:Men Polo Collar T-shirt
ProductTitle:Polo Collar Lounge Tshirts
ProductTitle:Super Combed Cotton T-Shirt
[, Ribbed Polo T-shirt, Men Polo Collar T-shirt, Polo Collar Lounge Tshirts, Super Combed Cotton T-Shirt, Men Polo Collar Lounge T-shirt, Polo Collar T-shirt, Polo Collar Cotton T-shirt, Boys Polo Collar T-shirt, Boys Polo Collar T-shirt, Polo Collar T-shirt, Ribbed Polo Collar T-shirt, Solid Polo Collar Pure Cotton T-shirt, Men Spencer Regular Fit Polo, Polo Collar Lounge Tshirts, Printed Polo Cotton T-shirt, Men Rique Regular Fit Polo, Polo Collar Lounge Tshirts, Striped Regular Fit T-shirt, Super Combed Cotton T-Shirt, Solid Polo Collar T-shirt, Polo Collar Regular T-shirt, Varsity Cotton Polo T-shirt, Men Polo Collar T-shirt, Cotton Colourblocked T-shirt, Men Pareto Embroidered Polo, Polo Collar Lounge Tshirts, Polo Collar Cotton T-shirt, Boys Polo Collar T-Shirt, Boys Polo Collar T-shirt, Men Printed Polo Collar T-shirt, Pack Of 2 Cotton T-shirt, Striped Polo Collar T-shirt, Women Solid Slim Fit T-shirt, Polo Collar Cotton T-shirt, Polo Collar Pure Cotton T-shirt, Polo Collar Lounge Tshirts, Men Rings Regular Fit Polo, Pure Cotton Polo T-shirt, Polo Collar T-shirt, Pure Cotton T-shirt, Polo Collar Lounge Tshirts, Boys Polo Collar T-shirt, Varsity Printed Cotton T-shirt, Women Polo Collar T-shirt, Printed Hooded T-shirt, Men Face Embroidered Polo, Men Polo Collar T-shirt, Polo Collar Slim Fit T-shirt, Men Regular Fit T-shirt]
ProductTitle:
]]></system-out>
  </testcase>
  <testcase name="runScenario" classname="com.runner.RunnerTest" time="0.555">
    <failure message="Product title doesn&apos;t contain polo:  expected [true] but found [false]" type="java.lang.AssertionError">java.lang.AssertionError: Product title doesn't contain polo:  expected [true] but found [false]
</failure>
    <system-out><![CDATA[Open browserChrome
Chrome Method call to open browser
Chrome browser is launched successfully.
]]></system-out>
    <system-err><![CDATA[Oct 01, 2024 1:10:45 AM org.openqa.selenium.devtools.CdpVersionFinder findNearestMatch
WARNING: Unable to find an exact match for CDP version 129, returning the closest version; found: 127; Please update to a Selenium version that supports CDP version 129
]]></system-err>
  </testcase>
  <testcase name="runScenario" classname="com.runner.RunnerTest" time="4.341"/>
  <testcase name="runScenario" classname="com.runner.RunnerTest" time="3.5"/>
  <testcase name="runScenario" classname="com.runner.RunnerTest" time="0.016">
    <failure message="Product title doesn&apos;t contain polo: Super Combed Cotton T-Shirt expected [true] but found [false]" type="java.lang.AssertionError">java.lang.AssertionError: Product title doesn't contain polo: Super Combed Cotton T-Shirt expected [true] but found [false]
</failure>
    <system-out><![CDATA[Open browserChrome
Chrome Method call to open browser
]]></system-out>
  </testcase>
  <testcase name="runScenario" classname="com.runner.RunnerTest" time="0.057"/>
  <testcase name="runScenario" classname="com.runner.RunnerTest" time="2.988">
    <failure message="Product title doesn&apos;t contain polo: Super Combed Cotton T-Shirt expected [true] but found [false]" type="java.lang.AssertionError">java.lang.AssertionError: Product title doesn't contain polo: Super Combed Cotton T-Shirt expected [true] but found [false]
</failure>
    <system-out><![CDATA[Chrome browser is launched successfully.
[Men Gamor Regular Fit Polo, Ribbed Polo T-shirt, Men Polo Collar T-shirt, Polo Collar Lounge Tshirts, Super Combed Cotton T-Shirt, Men Polo Collar Lounge T-shirt, Polo Collar T-shirt, Polo Collar Cotton T-shirt, Boys Polo Collar T-shirt, Boys Polo Collar T-shirt, Polo Collar T-shirt, Ribbed Polo Collar T-shirt, Solid Polo Collar Pure Cotton T-shirt, Men Spencer Regular Fit Polo, Polo Collar Lounge Tshirts, Printed Polo Cotton T-shirt, Men Rique Regular Fit Polo, Polo Collar Lounge Tshirts, Striped Regular Fit T-shirt, Super Combed Cotton T-Shirt, Solid Polo Collar T-shirt, Polo Collar Regular T-shirt, Varsity Cotton Polo T-shirt, Men Polo Collar T-shirt, Cotton Colourblocked T-shirt, Men Pareto Embroidered Polo, Polo Collar Lounge Tshirts, Polo Collar Cotton T-shirt, Boys Polo Collar T-Shirt, Boys Polo Collar T-shirt, Men Printed Polo Collar T-shirt, Pack Of 2 Cotton T-shirt, Striped Polo Collar T-shirt, Women Solid Slim Fit T-shirt, Polo Collar Cotton T-shirt, Polo Collar Pure Cotton T-shirt, Polo Collar Lounge Tshirts, Men Rings Regular Fit Polo, Pure Cotton Polo T-shirt, Polo Collar T-shirt, Pure Cotton T-shirt, Polo Collar Lounge Tshirts, Boys Polo Collar T-shirt, Varsity Printed Cotton T-shirt, Women Polo Collar T-shirt, Printed Hooded T-shirt, Men Face Embroidered Polo, Men Polo Collar T-shirt, Polo Collar Slim Fit T-shirt, Men Regular Fit T-shirt]
ProductTitle:Men Gamor Regular Fit Polo
ProductTitle:Ribbed Polo T-shirt
ProductTitle:Men Polo Collar T-shirt
ProductTitle:Polo Collar Lounge Tshirts
ProductTitle:Super Combed Cotton T-Shirt
]]></system-out>
    <system-err><![CDATA[Oct 01, 2024 1:10:54 AM org.openqa.selenium.devtools.CdpVersionFinder findNearestMatch
WARNING: Unable to find an exact match for CDP version 129, returning the closest version; found: 127; Please update to a Selenium version that supports CDP version 129
]]></system-err>
  </testcase>
  <testcase name="runScenario" classname="com.runner.RunnerTest" time="3.563">
    <failure message="element not interactable&#10;  (Session info: chrome=129.0.6668.70)&#10;Build info: version: &apos;4.23.1&apos;, revision: &apos;656257d8e9&apos;&#10;System info: os.name: &apos;Windows 11&apos;, os.arch: &apos;amd64&apos;, os.version: &apos;10.0&apos;, java.version: &apos;22.0.2&apos;&#10;Driver info: org.openqa.selenium.chrome.ChromeDriver&#10;Command: [3dab3fd4f370835a8b3ed8a0ecf2a276, clickElement {id=f.EE101BCD67635B7E8AFC5590688EEB5F.d.57B1A3B8CEF7F6847D9AB2C16D7C2DB2.e.46}]&#10;Capabilities {acceptInsecureCerts: false, browserName: chrome, browserVersion: 129.0.6668.70, chrome: {chromedriverVersion: 129.0.6668.70 (df87d5cf12b1..., userDataDir: C:\Users\poonam\AppData\Loc...}, fedcm:accounts: true, goog:chromeOptions: {debuggerAddress: localhost:54027}, networkConnectionEnabled: false, pageLoadStrategy: normal, platformName: windows, proxy: Proxy(), se:cdp: ws://localhost:54027/devtoo..., se:cdpVersion: 129.0.6668.70, setWindowRect: true, strictFileInteractability: false, timeouts: {implicit: 0, pageLoad: 300000, script: 30000}, unhandledPromptBehavior: dismiss and notify, webauthn:extension:credBlob: true, webauthn:extension:largeBlob: true, webauthn:extension:minPinLength: true, webauthn:extension:prf: true, webauthn:virtualAuthenticators: true}&#10;Element: [[ChromeDriver: chrome on windows (3dab3fd4f370835a8b3ed8a0ecf2a276)] -&gt; xpath: //a[@href=&quot;/men-tshirts&quot;]]&#10;Session ID: 3dab3fd4f370835a8b3ed8a0ecf2a276" type="org.openqa.selenium.ElementNotInteractableException">org.openqa.selenium.ElementNotInteractableException: 
element not interactable
  (Session info: chrome=129.0.6668.70)
Build info: version: '4.23.1', revision: '656257d8e9'
System info: os.name: 'Windows 11', os.arch: 'amd64', os.version: '10.0', java.version: '22.0.2'
Driver info: org.openqa.selenium.chrome.ChromeDriver
Command: [3dab3fd4f370835a8b3ed8a0ecf2a276, clickElement {id=f.EE101BCD67635B7E8AFC5590688EEB5F.d.57B1A3B8CEF7F6847D9AB2C16D7C2DB2.e.46}]
Capabilities {acceptInsecureCerts: false, browserName: chrome, browserVersion: 129.0.6668.70, chrome: {chromedriverVersion: 129.0.6668.70 (df87d5cf12b1..., userDataDir: C:\Users\poonam\AppData\Loc...}, fedcm:accounts: true, goog:chromeOptions: {debuggerAddress: localhost:54027}, networkConnectionEnabled: false, pageLoadStrategy: normal, platformName: windows, proxy: Proxy(), se:cdp: ws://localhost:54027/devtoo..., se:cdpVersion: 129.0.6668.70, setWindowRect: true, strictFileInteractability: false, timeouts: {implicit: 0, pageLoad: 300000, script: 30000}, unhandledPromptBehavior: dismiss and notify, webauthn:extension:credBlob: true, webauthn:extension:largeBlob: true, webauthn:extension:minPinLength: true, webauthn:extension:prf: true, webauthn:virtualAuthenticators: true}
Element: [[ChromeDriver: chrome on windows (3dab3fd4f370835a8b3ed8a0ecf2a276)] -> xpath: //a[@href="/men-tshirts"]]
Session ID: 3dab3fd4f370835a8b3ed8a0ecf2a276
</failure>
  </testcase>
</testsuite>