<?xml version="1.0" encoding="UTF-8"?>
<!-- Generated by org.testng.reporters.JUnitReportReporter -->
<testsuite hostname="LAPTOP-VTUTN60H" failures="1" tests="13" name="com.iris22a.ProductTest" time="41.878" errors="1" timestamp="2024-09-30T21:55:21 IST" skipped="0">
  <testcase classname="com.iris22a.ProductTest" name="m8" time="1.081"/>
  <testcase classname="com.iris22a.ProductTest" name="verifyCategoryListForTopWears" time="9.753"/>
  <testcase classname="com.iris22a.ProductTest" name="verifySearchResultForPoloMen" time="8.321">
    <failure message="Product title doesn&#039;t contain polo: Striped Regular Fit T-shirt expected [true] but found [false]" type="java.lang.AssertionError">
      <![CDATA[java.lang.AssertionError: Product title doesn't contain polo: Striped Regular Fit T-shirt expected [true] but found [false]
at org.testng.Assert.fail(Assert.java:111)
at org.testng.Assert.failNotEquals(Assert.java:1578)
at org.testng.Assert.assertTrue(Assert.java:57)
at com.iris22a.ProductTest.verifySearchResultForPoloMen(ProductTest.java:33)
at java.base/jdk.internal.reflect.DirectMethodHandleAccessor.invoke(DirectMethodHandleAccessor.java:103)
at java.base/java.lang.reflect.Method.invoke(Method.java:580)
at org.testng.internal.invokers.MethodInvocationHelper.invokeMethod(MethodInvocationHelper.java:141)
at org.testng.internal.invokers.TestInvoker.invokeMethod(TestInvoker.java:686)
at org.testng.internal.invokers.TestInvoker.invokeTestMethod(TestInvoker.java:230)
at org.testng.internal.invokers.MethodRunner.runInSequence(MethodRunner.java:63)
at org.testng.internal.invokers.TestInvoker$MethodInvocationAgent.invoke(TestInvoker.java:992)
at org.testng.internal.invokers.TestInvoker.invokeTestMethods(TestInvoker.java:203)
at org.testng.internal.invokers.TestMethodWorker.invokeTestMethods(TestMethodWorker.java:154)
at org.testng.internal.invokers.TestMethodWorker.run(TestMethodWorker.java:134)
at java.base/java.util.ArrayList.forEach(ArrayList.java:1597)
at org.testng.TestRunner.privateRun(TestRunner.java:739)
at org.testng.TestRunner.run(TestRunner.java:614)
at org.testng.SuiteRunner.runTest(SuiteRunner.java:421)
at org.testng.SuiteRunner$SuiteWorker.run(SuiteRunner.java:463)
at org.testng.internal.thread.ThreadUtil.lambda$execute$0(ThreadUtil.java:64)
at java.base/java.util.concurrent.FutureTask.run(FutureTask.java:317)
at java.base/java.util.concurrent.ThreadPoolExecutor.runWorker(ThreadPoolExecutor.java:1144)
at java.base/java.util.concurrent.ThreadPoolExecutor$Worker.run(ThreadPoolExecutor.java:642)
at java.base/java.lang.Thread.run(Thread.java:1570)
]]>
    </failure>
  </testcase> <!-- verifySearchResultForPoloMen -->
  <testcase classname="com.iris22a.ProductTest" name="m11" time="0.996"/>
  <testcase classname="com.iris22a.ProductTest" name="m4" time="1.258"/>
  <testcase classname="com.iris22a.ProductTest" name="m6" time="1.064"/>
  <testcase classname="com.iris22a.ProductTest" name="m12" time="1.402"/>
  <testcase classname="com.iris22a.ProductTest" name="verifyItemCountOfCasualShirts" time="12.141">
    <error message="No match found" type="java.lang.IllegalStateException">
      <![CDATA[java.lang.IllegalStateException: No match found
at java.base/java.util.regex.Matcher.checkMatch(Matcher.java:1850)
at java.base/java.util.regex.Matcher.group(Matcher.java:685)
at java.base/java.util.regex.Matcher.group(Matcher.java:643)
at com.iris22a.pages.CasualShirtsPage.getItemCount(CasualShirtsPage.java:18)
at com.iris22a.ProductTest.verifyItemCountOfCasualShirts(ProductTest.java:71)
at java.base/jdk.internal.reflect.DirectMethodHandleAccessor.invoke(DirectMethodHandleAccessor.java:103)
at java.base/java.lang.reflect.Method.invoke(Method.java:580)
at org.testng.internal.invokers.MethodInvocationHelper.invokeMethod(MethodInvocationHelper.java:141)
at org.testng.internal.invokers.TestInvoker.invokeMethod(TestInvoker.java:686)
at org.testng.internal.invokers.TestInvoker.invokeTestMethod(TestInvoker.java:230)
at org.testng.internal.invokers.MethodRunner.runInSequence(MethodRunner.java:63)
at org.testng.internal.invokers.TestInvoker$MethodInvocationAgent.invoke(TestInvoker.java:992)
at org.testng.internal.invokers.TestInvoker.invokeTestMethods(TestInvoker.java:203)
at org.testng.internal.invokers.TestMethodWorker.invokeTestMethods(TestMethodWorker.java:154)
at org.testng.internal.invokers.TestMethodWorker.run(TestMethodWorker.java:134)
at java.base/java.util.ArrayList.forEach(ArrayList.java:1597)
at org.testng.TestRunner.privateRun(TestRunner.java:739)
at org.testng.TestRunner.run(TestRunner.java:614)
at org.testng.SuiteRunner.runTest(SuiteRunner.java:421)
at org.testng.SuiteRunner$SuiteWorker.run(SuiteRunner.java:463)
at org.testng.internal.thread.ThreadUtil.lambda$execute$0(ThreadUtil.java:64)
at java.base/java.util.concurrent.FutureTask.run(FutureTask.java:317)
at java.base/java.util.concurrent.ThreadPoolExecutor.runWorker(ThreadPoolExecutor.java:1144)
at java.base/java.util.concurrent.ThreadPoolExecutor$Worker.run(ThreadPoolExecutor.java:642)
at java.base/java.lang.Thread.run(Thread.java:1570)
]]>
    </error>
  </testcase> <!-- verifyItemCountOfCasualShirts -->
  <testcase classname="com.iris22a.ProductTest" name="m3" time="0.993"/>
  <testcase classname="com.iris22a.ProductTest" name="m5" time="1.472"/>
  <testcase classname="com.iris22a.ProductTest" name="m9" time="1.191"/>
  <testcase classname="com.iris22a.ProductTest" name="m10" time="1.175"/>
  <testcase classname="com.iris22a.ProductTest" name="m7" time="1.031"/>
</testsuite> <!-- com.iris22a.ProductTest -->
